This file contains any messages produced by compilers while
running configure, to aid debugging if configure makes a mistake.

It was created by advancemame configure 3.9-50-g384e6462, which was
generated by GNU Autoconf 2.69.  Invocation command line was

  $ ./configure --disable-sdl2 --disable-sdl --disable-ncurses --enable-vc --prefix=/usr

## --------- ##
## Platform. ##
## --------- ##

hostname = cpspi.megadriver.com.br
uname -m = armv7l
uname -r = 5.15.83-cpspi+
uname -s = Linux
uname -v = #3 SMP Thu Dec 15 04:45:24 GMT 2022

/usr/bin/uname -p = unknown
/bin/uname -X     = unknown

/bin/arch              = armv7l
/usr/bin/arch -k       = unknown
/usr/convex/getsysinfo = unknown
/usr/bin/hostinfo      = unknown
/bin/machine           = unknown
/usr/bin/oslevel       = unknown
/bin/universe          = unknown

PATH: /usr/local/sbin
PATH: /usr/local/bin
PATH: /usr/sbin
PATH: /usr/bin
PATH: /sbin
PATH: /bin
PATH: /usr/local/games
PATH: /usr/games


## ----------- ##
## Core tests. ##
## ----------- ##

configure:2622: checking build system type
configure:2636: result: armv7l-unknown-linux-gnueabihf
configure:2656: checking host system type
configure:2669: result: armv7l-unknown-linux-gnueabihf
configure:2840: checking for gcc
configure:2856: found /usr/bin/gcc
configure:2867: result: gcc
configure:3096: checking for C compiler version
configure:3105: gcc --version >&5
gcc (Raspbian 10.2.1-6+rpi1) 10.2.1 20210110
Copyright (C) 2020 Free Software Foundation, Inc.
This is free software; see the source for copying conditions.  There is NO
warranty; not even for MERCHANTABILITY or FITNESS FOR A PARTICULAR PURPOSE.

configure:3116: $? = 0
configure:3105: gcc -v >&5
Using built-in specs.
COLLECT_GCC=gcc
COLLECT_LTO_WRAPPER=/usr/lib/gcc/arm-linux-gnueabihf/10/lto-wrapper
Target: arm-linux-gnueabihf
Configured with: ../src/configure -v --with-pkgversion='Raspbian 10.2.1-6+rpi1' --with-bugurl=file:///usr/share/doc/gcc-10/README.Bugs --enable-languages=c,ada,c++,go,d,fortran,objc,obj-c++,m2 --prefix=/usr --with-gcc-major-version-only --program-suffix=-10 --program-prefix=arm-linux-gnueabihf- --enable-shared --enable-linker-build-id --libexecdir=/usr/lib --without-included-gettext --enable-threads=posix --libdir=/usr/lib --enable-nls --enable-bootstrap --enable-clocale=gnu --enable-libstdcxx-debug --enable-libstdcxx-time=yes --with-default-libstdcxx-abi=new --enable-gnu-unique-object --disable-libitm --disable-libquadmath --disable-libquadmath-support --enable-plugin --with-system-zlib --enable-libphobos-checking=release --with-target-system-zlib=auto --enable-objc-gc=auto --enable-multiarch --disable-sjlj-exceptions --with-arch=armv6 --with-fpu=vfp --with-float=hard --disable-werror --enable-checking=release --build=arm-linux-gnueabihf --host=arm-linux-gnueabihf --target=arm-linux-gnueabihf
Thread model: posix
Supported LTO compression algorithms: zlib zstd
gcc version 10.2.1 20210110 (Raspbian 10.2.1-6+rpi1) 
configure:3116: $? = 0
configure:3105: gcc -V >&5
gcc: error: unrecognized command-line option '-V'
gcc: fatal error: no input files
compilation terminated.
configure:3116: $? = 1
configure:3105: gcc -qversion >&5
gcc: error: unrecognized command-line option '-qversion'; did you mean '--version'?
gcc: fatal error: no input files
compilation terminated.
configure:3116: $? = 1
configure:3136: checking whether the C compiler works
configure:3158: gcc -w -mtune=cortex-a72 -mcpu=cortex-a72 -mfloat-abi=hard -mfpu=neon-fp-armv8 -O3  -lwiringPi conftest.c  >&5
configure:3162: $? = 0
configure:3210: result: yes
configure:3213: checking for C compiler default output file name
configure:3215: result: a.out
configure:3221: checking for suffix of executables
configure:3228: gcc -o conftest -w -mtune=cortex-a72 -mcpu=cortex-a72 -mfloat-abi=hard -mfpu=neon-fp-armv8 -O3  -lwiringPi conftest.c  >&5
configure:3232: $? = 0
configure:3254: result: 
configure:3276: checking whether we are cross compiling
configure:3284: gcc -o conftest -w -mtune=cortex-a72 -mcpu=cortex-a72 -mfloat-abi=hard -mfpu=neon-fp-armv8 -O3  -lwiringPi conftest.c  >&5
configure:3288: $? = 0
configure:3295: ./conftest
configure:3299: $? = 0
configure:3314: result: no
configure:3319: checking for suffix of object files
configure:3341: gcc -c -w -mtune=cortex-a72 -mcpu=cortex-a72 -mfloat-abi=hard -mfpu=neon-fp-armv8 -O3  conftest.c >&5
configure:3345: $? = 0
configure:3366: result: o
configure:3370: checking whether we are using the GNU C compiler
configure:3389: gcc -c -w -mtune=cortex-a72 -mcpu=cortex-a72 -mfloat-abi=hard -mfpu=neon-fp-armv8 -O3  conftest.c >&5
configure:3389: $? = 0
configure:3398: result: yes
configure:3407: checking whether gcc accepts -g
configure:3427: gcc -c -g  conftest.c >&5
configure:3427: $? = 0
configure:3468: result: yes
configure:3485: checking for gcc option to accept ISO C89
configure:3548: gcc  -c -w -mtune=cortex-a72 -mcpu=cortex-a72 -mfloat-abi=hard -mfpu=neon-fp-armv8 -O3  conftest.c >&5
configure:3548: $? = 0
configure:3561: result: none needed
configure:3639: checking for g++
configure:3655: found /usr/bin/g++
configure:3666: result: g++
configure:3693: checking for C++ compiler version
configure:3702: g++ --version >&5
g++ (Raspbian 10.2.1-6+rpi1) 10.2.1 20210110
Copyright (C) 2020 Free Software Foundation, Inc.
This is free software; see the source for copying conditions.  There is NO
warranty; not even for MERCHANTABILITY or FITNESS FOR A PARTICULAR PURPOSE.

configure:3713: $? = 0
configure:3702: g++ -v >&5
Using built-in specs.
COLLECT_GCC=g++
COLLECT_LTO_WRAPPER=/usr/lib/gcc/arm-linux-gnueabihf/10/lto-wrapper
Target: arm-linux-gnueabihf
Configured with: ../src/configure -v --with-pkgversion='Raspbian 10.2.1-6+rpi1' --with-bugurl=file:///usr/share/doc/gcc-10/README.Bugs --enable-languages=c,ada,c++,go,d,fortran,objc,obj-c++,m2 --prefix=/usr --with-gcc-major-version-only --program-suffix=-10 --program-prefix=arm-linux-gnueabihf- --enable-shared --enable-linker-build-id --libexecdir=/usr/lib --without-included-gettext --enable-threads=posix --libdir=/usr/lib --enable-nls --enable-bootstrap --enable-clocale=gnu --enable-libstdcxx-debug --enable-libstdcxx-time=yes --with-default-libstdcxx-abi=new --enable-gnu-unique-object --disable-libitm --disable-libquadmath --disable-libquadmath-support --enable-plugin --with-system-zlib --enable-libphobos-checking=release --with-target-system-zlib=auto --enable-objc-gc=auto --enable-multiarch --disable-sjlj-exceptions --with-arch=armv6 --with-fpu=vfp --with-float=hard --disable-werror --enable-checking=release --build=arm-linux-gnueabihf --host=arm-linux-gnueabihf --target=arm-linux-gnueabihf
Thread model: posix
Supported LTO compression algorithms: zlib zstd
gcc version 10.2.1 20210110 (Raspbian 10.2.1-6+rpi1) 
configure:3713: $? = 0
configure:3702: g++ -V >&5
g++: error: unrecognized command-line option '-V'
g++: fatal error: no input files
compilation terminated.
configure:3713: $? = 1
configure:3702: g++ -qversion >&5
g++: error: unrecognized command-line option '-qversion'; did you mean '--version'?
g++: fatal error: no input files
compilation terminated.
configure:3713: $? = 1
configure:3717: checking whether we are using the GNU C++ compiler
configure:3736: g++ -c   conftest.cpp >&5
configure:3736: $? = 0
configure:3745: result: yes
configure:3754: checking whether g++ accepts -g
configure:3774: g++ -c -g  conftest.cpp >&5
configure:3774: $? = 0
configure:3815: result: yes
configure:3852: checking for a BSD-compatible install
configure:3920: result: /usr/bin/install -c
configure:3931: checking whether ln -s works
configure:3935: result: yes
configure:3942: checking for grep that handles long lines and -e
configure:4000: result: /usr/bin/grep
configure:4059: checking for pkg-config
configure:4077: found /usr/bin/pkg-config
configure:4089: result: /usr/bin/pkg-config
configure:4114: checking pkg-config is at least version 0.9.0
configure:4117: result: yes
configure:4174: checking for ar
configure:4190: found /usr/bin/ar
configure:4201: result: ar
configure:4274: checking for windres
configure:4304: result: no
configure:4329: checking for rm
configure:4345: found /usr/bin/rm
configure:4356: result: rm
configure:4371: checking for cp
configure:4387: found /usr/bin/cp
configure:4398: result: cp
configure:4413: checking for mkdir
configure:4429: found /usr/bin/mkdir
configure:4440: result: mkdir
configure:4455: checking for echo
configure:4471: found /usr/bin/echo
configure:4482: result: echo
configure:4497: checking for tar
configure:4513: found /usr/bin/tar
configure:4524: result: tar
configure:4539: checking for gzip
configure:4555: found /usr/bin/gzip
configure:4566: result: gzip
configure:4581: checking for zip
configure:4597: found /usr/bin/zip
configure:4608: result: zip
configure:5130: checking how to run the C preprocessor
configure:5161: gcc -E  conftest.c
configure:5161: $? = 0
configure:5175: gcc -E  conftest.c
conftest.c:9:10: fatal error: ac_nonexistent.h: No such file or directory
    9 | #include <ac_nonexistent.h>
      |          ^~~~~~~~~~~~~~~~~~
compilation terminated.
configure:5175: $? = 1
configure: failed program was:
| /* confdefs.h */
| #define PACKAGE_NAME "advancemame"
| #define PACKAGE_TARNAME "advancemame"
| #define PACKAGE_VERSION "3.9-50-g384e6462"
| #define PACKAGE_STRING "advancemame 3.9-50-g384e6462"
| #define PACKAGE_BUGREPORT ""
| #define PACKAGE_URL "http://www.advancemame.it"
| /* end confdefs.h.  */
| #include <ac_nonexistent.h>
configure:5200: result: gcc -E
configure:5220: gcc -E  conftest.c
configure:5220: $? = 0
configure:5234: gcc -E  conftest.c
conftest.c:9:10: fatal error: ac_nonexistent.h: No such file or directory
    9 | #include <ac_nonexistent.h>
      |          ^~~~~~~~~~~~~~~~~~
compilation terminated.
configure:5234: $? = 1
configure: failed program was:
| /* confdefs.h */
| #define PACKAGE_NAME "advancemame"
| #define PACKAGE_TARNAME "advancemame"
| #define PACKAGE_VERSION "3.9-50-g384e6462"
| #define PACKAGE_STRING "advancemame 3.9-50-g384e6462"
| #define PACKAGE_BUGREPORT ""
| #define PACKAGE_URL "http://www.advancemame.it"
| /* end confdefs.h.  */
| #include <ac_nonexistent.h>
configure:5263: checking for egrep
configure:5325: result: /usr/bin/grep -E
configure:5330: checking for ANSI C header files
configure:5350: gcc -c -w -mtune=cortex-a72 -mcpu=cortex-a72 -mfloat-abi=hard -mfpu=neon-fp-armv8 -O3  conftest.c >&5
configure:5350: $? = 0
configure:5423: gcc -o conftest -w -mtune=cortex-a72 -mcpu=cortex-a72 -mfloat-abi=hard -mfpu=neon-fp-armv8 -O3  -lwiringPi conftest.c  >&5
configure:5423: $? = 0
configure:5423: ./conftest
configure:5423: $? = 0
configure:5434: result: yes
configure:5447: checking for sys/types.h
configure:5447: gcc -c -w -mtune=cortex-a72 -mcpu=cortex-a72 -mfloat-abi=hard -mfpu=neon-fp-armv8 -O3  conftest.c >&5
configure:5447: $? = 0
configure:5447: result: yes
configure:5447: checking for sys/stat.h
configure:5447: gcc -c -w -mtune=cortex-a72 -mcpu=cortex-a72 -mfloat-abi=hard -mfpu=neon-fp-armv8 -O3  conftest.c >&5
configure:5447: $? = 0
configure:5447: result: yes
configure:5447: checking for stdlib.h
configure:5447: gcc -c -w -mtune=cortex-a72 -mcpu=cortex-a72 -mfloat-abi=hard -mfpu=neon-fp-armv8 -O3  conftest.c >&5
configure:5447: $? = 0
configure:5447: result: yes
configure:5447: checking for string.h
configure:5447: gcc -c -w -mtune=cortex-a72 -mcpu=cortex-a72 -mfloat-abi=hard -mfpu=neon-fp-armv8 -O3  conftest.c >&5
configure:5447: $? = 0
configure:5447: result: yes
configure:5447: checking for memory.h
configure:5447: gcc -c -w -mtune=cortex-a72 -mcpu=cortex-a72 -mfloat-abi=hard -mfpu=neon-fp-armv8 -O3  conftest.c >&5
configure:5447: $? = 0
configure:5447: result: yes
configure:5447: checking for strings.h
configure:5447: gcc -c -w -mtune=cortex-a72 -mcpu=cortex-a72 -mfloat-abi=hard -mfpu=neon-fp-armv8 -O3  conftest.c >&5
configure:5447: $? = 0
configure:5447: result: yes
configure:5447: checking for inttypes.h
configure:5447: gcc -c -w -mtune=cortex-a72 -mcpu=cortex-a72 -mfloat-abi=hard -mfpu=neon-fp-armv8 -O3  conftest.c >&5
configure:5447: $? = 0
configure:5447: result: yes
configure:5447: checking for stdint.h
configure:5447: gcc -c -w -mtune=cortex-a72 -mcpu=cortex-a72 -mfloat-abi=hard -mfpu=neon-fp-armv8 -O3  conftest.c >&5
configure:5447: $? = 0
configure:5447: result: yes
configure:5447: checking for unistd.h
configure:5447: gcc -c -w -mtune=cortex-a72 -mcpu=cortex-a72 -mfloat-abi=hard -mfpu=neon-fp-armv8 -O3  conftest.c >&5
configure:5447: $? = 0
configure:5447: result: yes
configure:5459: checking whether byte ordering is bigendian
configure:5474: gcc -c -w -mtune=cortex-a72 -mcpu=cortex-a72 -mfloat-abi=hard -mfpu=neon-fp-armv8 -O3  conftest.c >&5
conftest.c:20:9: error: unknown type name 'not'
   20 |         not a universal capable compiler
      |         ^~~
conftest.c:20:15: error: expected '=', ',', ';', 'asm' or '__attribute__' before 'universal'
   20 |         not a universal capable compiler
      |               ^~~~~~~~~
conftest.c:20:15: error: unknown type name 'universal'
configure:5474: $? = 1
configure: failed program was:
| /* confdefs.h */
| #define PACKAGE_NAME "advancemame"
| #define PACKAGE_TARNAME "advancemame"
| #define PACKAGE_VERSION "3.9-50-g384e6462"
| #define PACKAGE_STRING "advancemame 3.9-50-g384e6462"
| #define PACKAGE_BUGREPORT ""
| #define PACKAGE_URL "http://www.advancemame.it"
| #define STDC_HEADERS 1
| #define HAVE_SYS_TYPES_H 1
| #define HAVE_SYS_STAT_H 1
| #define HAVE_STDLIB_H 1
| #define HAVE_STRING_H 1
| #define HAVE_MEMORY_H 1
| #define HAVE_STRINGS_H 1
| #define HAVE_INTTYPES_H 1
| #define HAVE_STDINT_H 1
| #define HAVE_UNISTD_H 1
| /* end confdefs.h.  */
| #ifndef __APPLE_CC__
| 	       not a universal capable compiler
| 	     #endif
| 	     typedef int dummy;
| 
configure:5519: gcc -c -w -mtune=cortex-a72 -mcpu=cortex-a72 -mfloat-abi=hard -mfpu=neon-fp-armv8 -O3  conftest.c >&5
configure:5519: $? = 0
configure:5537: gcc -c -w -mtune=cortex-a72 -mcpu=cortex-a72 -mfloat-abi=hard -mfpu=neon-fp-armv8 -O3  conftest.c >&5
conftest.c: In function 'main':
conftest.c:26:4: error: unknown type name 'not'; did you mean 'ino_t'?
   26 |    not big endian
      |    ^~~
      |    ino_t
conftest.c:26:12: error: expected '=', ',', ';', 'asm' or '__attribute__' before 'endian'
   26 |    not big endian
      |            ^~~~~~
configure:5537: $? = 1
configure: failed program was:
| /* confdefs.h */
| #define PACKAGE_NAME "advancemame"
| #define PACKAGE_TARNAME "advancemame"
| #define PACKAGE_VERSION "3.9-50-g384e6462"
| #define PACKAGE_STRING "advancemame 3.9-50-g384e6462"
| #define PACKAGE_BUGREPORT ""
| #define PACKAGE_URL "http://www.advancemame.it"
| #define STDC_HEADERS 1
| #define HAVE_SYS_TYPES_H 1
| #define HAVE_SYS_STAT_H 1
| #define HAVE_STDLIB_H 1
| #define HAVE_STRING_H 1
| #define HAVE_MEMORY_H 1
| #define HAVE_STRINGS_H 1
| #define HAVE_INTTYPES_H 1
| #define HAVE_STDINT_H 1
| #define HAVE_UNISTD_H 1
| /* end confdefs.h.  */
| #include <sys/types.h>
| 		#include <sys/param.h>
| 
| int
| main ()
| {
| #if BYTE_ORDER != BIG_ENDIAN
| 		 not big endian
| 		#endif
| 
|   ;
|   return 0;
| }
configure:5665: result: no
configure:5693: checking size of char
configure:5698: gcc -o conftest -w -mtune=cortex-a72 -mcpu=cortex-a72 -mfloat-abi=hard -mfpu=neon-fp-armv8 -O3  -lwiringPi conftest.c  >&5
configure:5698: $? = 0
configure:5698: ./conftest
configure:5698: $? = 0
configure:5712: result: 1
configure:5726: checking size of short
configure:5731: gcc -o conftest -w -mtune=cortex-a72 -mcpu=cortex-a72 -mfloat-abi=hard -mfpu=neon-fp-armv8 -O3  -lwiringPi conftest.c  >&5
configure:5731: $? = 0
configure:5731: ./conftest
configure:5731: $? = 0
configure:5745: result: 2
configure:5759: checking size of int
configure:5764: gcc -o conftest -w -mtune=cortex-a72 -mcpu=cortex-a72 -mfloat-abi=hard -mfpu=neon-fp-armv8 -O3  -lwiringPi conftest.c  >&5
configure:5764: $? = 0
configure:5764: ./conftest
configure:5764: $? = 0
configure:5778: result: 4
configure:5792: checking size of long
configure:5797: gcc -o conftest -w -mtune=cortex-a72 -mcpu=cortex-a72 -mfloat-abi=hard -mfpu=neon-fp-armv8 -O3  -lwiringPi conftest.c  >&5
configure:5797: $? = 0
configure:5797: ./conftest
configure:5797: $? = 0
configure:5811: result: 4
configure:5825: checking size of long long
configure:5830: gcc -o conftest -w -mtune=cortex-a72 -mcpu=cortex-a72 -mfloat-abi=hard -mfpu=neon-fp-armv8 -O3  -lwiringPi conftest.c  >&5
configure:5830: $? = 0
configure:5830: ./conftest
configure:5830: $? = 0
configure:5844: result: 8
configure:5858: checking size of void*
configure:5863: gcc -o conftest -w -mtune=cortex-a72 -mcpu=cortex-a72 -mfloat-abi=hard -mfpu=neon-fp-armv8 -O3  -lwiringPi conftest.c  >&5
configure:5863: $? = 0
configure:5863: ./conftest
configure:5863: $? = 0
configure:5877: result: 4
configure:5895: checking for special C compiler options needed for large files
configure:5940: result: no
configure:5946: checking for _FILE_OFFSET_BITS value needed for large files
configure:5971: gcc -c -w -mtune=cortex-a72 -mcpu=cortex-a72 -mfloat-abi=hard -mfpu=neon-fp-armv8 -O3  conftest.c >&5
conftest.c:31:7: error: variably modified 'off_t_is_large' at file scope
   31 |   int off_t_is_large[(LARGE_OFF_T % 2147483629 == 721
      |       ^~~~~~~~~~~~~~
configure:5971: $? = 1
configure: failed program was:
| /* confdefs.h */
| #define PACKAGE_NAME "advancemame"
| #define PACKAGE_TARNAME "advancemame"
| #define PACKAGE_VERSION "3.9-50-g384e6462"
| #define PACKAGE_STRING "advancemame 3.9-50-g384e6462"
| #define PACKAGE_BUGREPORT ""
| #define PACKAGE_URL "http://www.advancemame.it"
| #define STDC_HEADERS 1
| #define HAVE_SYS_TYPES_H 1
| #define HAVE_SYS_STAT_H 1
| #define HAVE_STDLIB_H 1
| #define HAVE_STRING_H 1
| #define HAVE_MEMORY_H 1
| #define HAVE_STRINGS_H 1
| #define HAVE_INTTYPES_H 1
| #define HAVE_STDINT_H 1
| #define HAVE_UNISTD_H 1
| #define SIZEOF_CHAR 1
| #define SIZEOF_SHORT 2
| #define SIZEOF_INT 4
| #define SIZEOF_LONG 4
| #define SIZEOF_LONG_LONG 8
| #define SIZEOF_VOIDP 4
| /* end confdefs.h.  */
| #include <sys/types.h>
|  /* Check that off_t can represent 2**63 - 1 correctly.
|     We can't simply define LARGE_OFF_T to be 9223372036854775807,
|     since some C++ compilers masquerading as C compilers
|     incorrectly reject 9223372036854775807.  */
| #define LARGE_OFF_T ((((off_t) 1 << 31) << 31) - 1 + (((off_t) 1 << 31) << 31))
|   int off_t_is_large[(LARGE_OFF_T % 2147483629 == 721
| 		       && LARGE_OFF_T % 2147483647 == 1)
| 		      ? 1 : -1];
| int
| main ()
| {
| 
|   ;
|   return 0;
| }
configure:5995: gcc -c -w -mtune=cortex-a72 -mcpu=cortex-a72 -mfloat-abi=hard -mfpu=neon-fp-armv8 -O3  conftest.c >&5
configure:5995: $? = 0
configure:6003: result: 64
configure:6098: checking whether gcc accepts x86 assembler
configure:6116: gcc -c -w -mtune=cortex-a72 -mcpu=cortex-a72 -mfloat-abi=hard -mfpu=neon-fp-armv8 -O3  conftest.c >&5
conftest.c: In function 'main':
conftest.c:33:4: error: unknown type name 'choke'
   33 |    choke me
      |    ^~~~~
configure:6116: $? = 1
configure: failed program was:
| /* confdefs.h */
| #define PACKAGE_NAME "advancemame"
| #define PACKAGE_TARNAME "advancemame"
| #define PACKAGE_VERSION "3.9-50-g384e6462"
| #define PACKAGE_STRING "advancemame 3.9-50-g384e6462"
| #define PACKAGE_BUGREPORT ""
| #define PACKAGE_URL "http://www.advancemame.it"
| #define STDC_HEADERS 1
| #define HAVE_SYS_TYPES_H 1
| #define HAVE_SYS_STAT_H 1
| #define HAVE_STDLIB_H 1
| #define HAVE_STRING_H 1
| #define HAVE_MEMORY_H 1
| #define HAVE_STRINGS_H 1
| #define HAVE_INTTYPES_H 1
| #define HAVE_STDINT_H 1
| #define HAVE_UNISTD_H 1
| #define SIZEOF_CHAR 1
| #define SIZEOF_SHORT 2
| #define SIZEOF_INT 4
| #define SIZEOF_LONG 4
| #define SIZEOF_LONG_LONG 8
| #define SIZEOF_VOIDP 4
| #define _FILE_OFFSET_BITS 64
| /* end confdefs.h.  */
| 
| 
| int
| main ()
| {
| 
| 			#if !defined(__GNUC__) || !defined(__i386__)
| 			choke me
| 			#endif
| 
|   ;
|   return 0;
| }
configure:6122: result: no
configure:6263: checking for ANSI C header files
configure:6367: result: yes
configure:6375: checking for sys/wait.h that is POSIX.1 compatible
configure:6401: gcc -c -w -mtune=cortex-a72 -mcpu=cortex-a72 -mfloat-abi=hard -mfpu=neon-fp-armv8 -O3  conftest.c >&5
configure:6401: $? = 0
configure:6408: result: yes
configure:6419: checking for dirent.h that defines DIR
configure:6438: gcc -c -w -mtune=cortex-a72 -mcpu=cortex-a72 -mfloat-abi=hard -mfpu=neon-fp-armv8 -O3  conftest.c >&5
configure:6438: $? = 0
configure:6446: result: yes
configure:6459: checking for library containing opendir
configure:6490: gcc -o conftest -w -mtune=cortex-a72 -mcpu=cortex-a72 -mfloat-abi=hard -mfpu=neon-fp-armv8 -O3  -lwiringPi conftest.c  >&5
configure:6490: $? = 0
configure:6507: result: none required
configure:6574: checking whether time.h and sys/time.h may both be included
configure:6594: gcc -c -w -mtune=cortex-a72 -mcpu=cortex-a72 -mfloat-abi=hard -mfpu=neon-fp-armv8 -O3  conftest.c >&5
configure:6594: $? = 0
configure:6601: result: yes
configure:6609: checking whether termios.h defines TIOCGWINSZ
configure:6632: result: no
configure:6636: checking whether sys/ioctl.h defines TIOCGWINSZ
configure:6659: result: yes
configure:6672: checking for unistd.h
configure:6672: result: yes
configure:6672: checking sched.h usability
configure:6672: gcc -c -w -mtune=cortex-a72 -mcpu=cortex-a72 -mfloat-abi=hard -mfpu=neon-fp-armv8 -O3  conftest.c >&5
configure:6672: $? = 0
configure:6672: result: yes
configure:6672: checking sched.h presence
configure:6672: gcc -E  conftest.c
configure:6672: $? = 0
configure:6672: result: yes
configure:6672: checking for sched.h
configure:6672: result: yes
configure:6672: checking netdb.h usability
configure:6672: gcc -c -w -mtune=cortex-a72 -mcpu=cortex-a72 -mfloat-abi=hard -mfpu=neon-fp-armv8 -O3  conftest.c >&5
configure:6672: $? = 0
configure:6672: result: yes
configure:6672: checking netdb.h presence
configure:6672: gcc -E  conftest.c
configure:6672: $? = 0
configure:6672: result: yes
configure:6672: checking for netdb.h
configure:6672: result: yes
configure:6672: checking termios.h usability
configure:6672: gcc -c -w -mtune=cortex-a72 -mcpu=cortex-a72 -mfloat-abi=hard -mfpu=neon-fp-armv8 -O3  conftest.c >&5
configure:6672: $? = 0
configure:6672: result: yes
configure:6672: checking termios.h presence
configure:6672: gcc -E  conftest.c
configure:6672: $? = 0
configure:6672: result: yes
configure:6672: checking for termios.h
configure:6672: result: yes
configure:6672: checking execinfo.h usability
configure:6672: gcc -c -w -mtune=cortex-a72 -mcpu=cortex-a72 -mfloat-abi=hard -mfpu=neon-fp-armv8 -O3  conftest.c >&5
configure:6672: $? = 0
configure:6672: result: yes
configure:6672: checking execinfo.h presence
configure:6672: gcc -E  conftest.c
configure:6672: $? = 0
configure:6672: result: yes
configure:6672: checking for execinfo.h
configure:6672: result: yes
configure:6685: checking sys/utsname.h usability
configure:6685: gcc -c -w -mtune=cortex-a72 -mcpu=cortex-a72 -mfloat-abi=hard -mfpu=neon-fp-armv8 -O3  conftest.c >&5
configure:6685: $? = 0
configure:6685: result: yes
configure:6685: checking sys/utsname.h presence
configure:6685: gcc -E  conftest.c
configure:6685: $? = 0
configure:6685: result: yes
configure:6685: checking for sys/utsname.h
configure:6685: result: yes
configure:6685: checking for sys/types.h
configure:6685: result: yes
configure:6685: checking for sys/stat.h
configure:6685: result: yes
configure:6685: checking sys/socket.h usability
configure:6685: gcc -c -w -mtune=cortex-a72 -mcpu=cortex-a72 -mfloat-abi=hard -mfpu=neon-fp-armv8 -O3  conftest.c >&5
configure:6685: $? = 0
configure:6685: result: yes
configure:6685: checking sys/socket.h presence
configure:6685: gcc -E  conftest.c
configure:6685: $? = 0
configure:6685: result: yes
configure:6685: checking for sys/socket.h
configure:6685: result: yes
configure:6685: checking sys/select.h usability
configure:6685: gcc -c -w -mtune=cortex-a72 -mcpu=cortex-a72 -mfloat-abi=hard -mfpu=neon-fp-armv8 -O3  conftest.c >&5
configure:6685: $? = 0
configure:6685: result: yes
configure:6685: checking sys/select.h presence
configure:6685: gcc -E  conftest.c
configure:6685: $? = 0
configure:6685: result: yes
configure:6685: checking for sys/select.h
configure:6685: result: yes
configure:6685: checking sys/ioctl.h usability
configure:6685: gcc -c -w -mtune=cortex-a72 -mcpu=cortex-a72 -mfloat-abi=hard -mfpu=neon-fp-armv8 -O3  conftest.c >&5
configure:6685: $? = 0
configure:6685: result: yes
configure:6685: checking sys/ioctl.h presence
configure:6685: gcc -E  conftest.c
configure:6685: $? = 0
configure:6685: result: yes
configure:6685: checking for sys/ioctl.h
configure:6685: result: yes
configure:6685: checking sys/time.h usability
configure:6685: gcc -c -w -mtune=cortex-a72 -mcpu=cortex-a72 -mfloat-abi=hard -mfpu=neon-fp-armv8 -O3  conftest.c >&5
configure:6685: $? = 0
configure:6685: result: yes
configure:6685: checking sys/time.h presence
configure:6685: gcc -E  conftest.c
configure:6685: $? = 0
configure:6685: result: yes
configure:6685: checking for sys/time.h
configure:6685: result: yes
configure:6685: checking sys/mman.h usability
configure:6685: gcc -c -w -mtune=cortex-a72 -mcpu=cortex-a72 -mfloat-abi=hard -mfpu=neon-fp-armv8 -O3  conftest.c >&5
configure:6685: $? = 0
configure:6685: result: yes
configure:6685: checking sys/mman.h presence
configure:6685: gcc -E  conftest.c
configure:6685: $? = 0
configure:6685: result: yes
configure:6685: checking for sys/mman.h
configure:6685: result: yes
configure:6685: checking sys/io.h usability
configure:6685: gcc -c -w -mtune=cortex-a72 -mcpu=cortex-a72 -mfloat-abi=hard -mfpu=neon-fp-armv8 -O3  conftest.c >&5
conftest.c:77:10: fatal error: sys/io.h: No such file or directory
   77 | #include <sys/io.h>
      |          ^~~~~~~~~~
compilation terminated.
configure:6685: $? = 1
configure: failed program was:
| /* confdefs.h */
| #define PACKAGE_NAME "advancemame"
| #define PACKAGE_TARNAME "advancemame"
| #define PACKAGE_VERSION "3.9-50-g384e6462"
| #define PACKAGE_STRING "advancemame 3.9-50-g384e6462"
| #define PACKAGE_BUGREPORT ""
| #define PACKAGE_URL "http://www.advancemame.it"
| #define STDC_HEADERS 1
| #define HAVE_SYS_TYPES_H 1
| #define HAVE_SYS_STAT_H 1
| #define HAVE_STDLIB_H 1
| #define HAVE_STRING_H 1
| #define HAVE_MEMORY_H 1
| #define HAVE_STRINGS_H 1
| #define HAVE_INTTYPES_H 1
| #define HAVE_STDINT_H 1
| #define HAVE_UNISTD_H 1
| #define SIZEOF_CHAR 1
| #define SIZEOF_SHORT 2
| #define SIZEOF_INT 4
| #define SIZEOF_LONG 4
| #define SIZEOF_LONG_LONG 8
| #define SIZEOF_VOIDP 4
| #define _FILE_OFFSET_BITS 64
| #define STDC_HEADERS 1
| #define HAVE_SYS_WAIT_H 1
| #define HAVE_DIRENT_H 1
| #define TIME_WITH_SYS_TIME 1
| #define GWINSZ_IN_SYS_IOCTL 1
| #define HAVE_UNISTD_H 1
| #define HAVE_SCHED_H 1
| #define HAVE_NETDB_H 1
| #define HAVE_TERMIOS_H 1
| #define HAVE_EXECINFO_H 1
| #define HAVE_SYS_UTSNAME_H 1
| #define HAVE_SYS_TYPES_H 1
| #define HAVE_SYS_STAT_H 1
| #define HAVE_SYS_SOCKET_H 1
| #define HAVE_SYS_SELECT_H 1
| #define HAVE_SYS_IOCTL_H 1
| #define HAVE_SYS_TIME_H 1
| #define HAVE_SYS_MMAN_H 1
| /* end confdefs.h.  */
| #include <stdio.h>
| #ifdef HAVE_SYS_TYPES_H
| # include <sys/types.h>
| #endif
| #ifdef HAVE_SYS_STAT_H
| # include <sys/stat.h>
| #endif
| #ifdef STDC_HEADERS
| # include <stdlib.h>
| # include <stddef.h>
| #else
| # ifdef HAVE_STDLIB_H
| #  include <stdlib.h>
| # endif
| #endif
| #ifdef HAVE_STRING_H
| # if !defined STDC_HEADERS && defined HAVE_MEMORY_H
| #  include <memory.h>
| # endif
| # include <string.h>
| #endif
| #ifdef HAVE_STRINGS_H
| # include <strings.h>
| #endif
| #ifdef HAVE_INTTYPES_H
| # include <inttypes.h>
| #endif
| #ifdef HAVE_STDINT_H
| # include <stdint.h>
| #endif
| #ifdef HAVE_UNISTD_H
| # include <unistd.h>
| #endif
| #include <sys/io.h>
configure:6685: result: no
configure:6685: checking sys/io.h presence
configure:6685: gcc -E  conftest.c
conftest.c:44:10: fatal error: sys/io.h: No such file or directory
   44 | #include <sys/io.h>
      |          ^~~~~~~~~~
compilation terminated.
configure:6685: $? = 1
configure: failed program was:
| /* confdefs.h */
| #define PACKAGE_NAME "advancemame"
| #define PACKAGE_TARNAME "advancemame"
| #define PACKAGE_VERSION "3.9-50-g384e6462"
| #define PACKAGE_STRING "advancemame 3.9-50-g384e6462"
| #define PACKAGE_BUGREPORT ""
| #define PACKAGE_URL "http://www.advancemame.it"
| #define STDC_HEADERS 1
| #define HAVE_SYS_TYPES_H 1
| #define HAVE_SYS_STAT_H 1
| #define HAVE_STDLIB_H 1
| #define HAVE_STRING_H 1
| #define HAVE_MEMORY_H 1
| #define HAVE_STRINGS_H 1
| #define HAVE_INTTYPES_H 1
| #define HAVE_STDINT_H 1
| #define HAVE_UNISTD_H 1
| #define SIZEOF_CHAR 1
| #define SIZEOF_SHORT 2
| #define SIZEOF_INT 4
| #define SIZEOF_LONG 4
| #define SIZEOF_LONG_LONG 8
| #define SIZEOF_VOIDP 4
| #define _FILE_OFFSET_BITS 64
| #define STDC_HEADERS 1
| #define HAVE_SYS_WAIT_H 1
| #define HAVE_DIRENT_H 1
| #define TIME_WITH_SYS_TIME 1
| #define GWINSZ_IN_SYS_IOCTL 1
| #define HAVE_UNISTD_H 1
| #define HAVE_SCHED_H 1
| #define HAVE_NETDB_H 1
| #define HAVE_TERMIOS_H 1
| #define HAVE_EXECINFO_H 1
| #define HAVE_SYS_UTSNAME_H 1
| #define HAVE_SYS_TYPES_H 1
| #define HAVE_SYS_STAT_H 1
| #define HAVE_SYS_SOCKET_H 1
| #define HAVE_SYS_SELECT_H 1
| #define HAVE_SYS_IOCTL_H 1
| #define HAVE_SYS_TIME_H 1
| #define HAVE_SYS_MMAN_H 1
| /* end confdefs.h.  */
| #include <sys/io.h>
configure:6685: result: no
configure:6685: checking for sys/io.h
configure:6685: result: no
configure:6685: checking sys/kd.h usability
configure:6685: gcc -c -w -mtune=cortex-a72 -mcpu=cortex-a72 -mfloat-abi=hard -mfpu=neon-fp-armv8 -O3  conftest.c >&5
configure:6685: $? = 0
configure:6685: result: yes
configure:6685: checking sys/kd.h presence
configure:6685: gcc -E  conftest.c
configure:6685: $? = 0
configure:6685: result: yes
configure:6685: checking for sys/kd.h
configure:6685: result: yes
configure:6685: checking sys/vt.h usability
configure:6685: gcc -c -w -mtune=cortex-a72 -mcpu=cortex-a72 -mfloat-abi=hard -mfpu=neon-fp-armv8 -O3  conftest.c >&5
configure:6685: $? = 0
configure:6685: result: yes
configure:6685: checking sys/vt.h presence
configure:6685: gcc -E  conftest.c
configure:6685: $? = 0
configure:6685: result: yes
configure:6685: checking for sys/vt.h
configure:6685: result: yes
configure:6698: checking netinet/in.h usability
configure:6698: gcc -c -w -mtune=cortex-a72 -mcpu=cortex-a72 -mfloat-abi=hard -mfpu=neon-fp-armv8 -O3  conftest.c >&5
configure:6698: $? = 0
configure:6698: result: yes
configure:6698: checking netinet/in.h presence
configure:6698: gcc -E  conftest.c
configure:6698: $? = 0
configure:6698: result: yes
configure:6698: checking for netinet/in.h
configure:6698: result: yes
configure:6698: checking ucontext.h usability
configure:6698: gcc -c -w -mtune=cortex-a72 -mcpu=cortex-a72 -mfloat-abi=hard -mfpu=neon-fp-armv8 -O3  conftest.c >&5
configure:6698: $? = 0
configure:6698: result: yes
configure:6698: checking ucontext.h presence
configure:6698: gcc -E  conftest.c
configure:6698: $? = 0
configure:6698: result: yes
configure:6698: checking for ucontext.h
configure:6698: result: yes
configure:6708: checking for an ANSI C-conforming const
configure:6774: gcc -c -w -mtune=cortex-a72 -mcpu=cortex-a72 -mfloat-abi=hard -mfpu=neon-fp-armv8 -O3  conftest.c >&5
configure:6774: $? = 0
configure:6781: result: yes
configure:6789: checking for C/C++ restrict keyword
configure:6814: gcc -c -w -mtune=cortex-a72 -mcpu=cortex-a72 -mfloat-abi=hard -mfpu=neon-fp-armv8 -O3  conftest.c >&5
configure:6814: $? = 0
configure:6822: result: __restrict
configure:6835: checking for inline
configure:6851: gcc -c -w -mtune=cortex-a72 -mcpu=cortex-a72 -mfloat-abi=hard -mfpu=neon-fp-armv8 -O3  conftest.c >&5
configure:6851: $? = 0
configure:6859: result: inline
configure:6877: checking for size_t
configure:6877: gcc -c -w -mtune=cortex-a72 -mcpu=cortex-a72 -mfloat-abi=hard -mfpu=neon-fp-armv8 -O3  conftest.c >&5
configure:6877: $? = 0
configure:6877: gcc -c -w -mtune=cortex-a72 -mcpu=cortex-a72 -mfloat-abi=hard -mfpu=neon-fp-armv8 -O3  conftest.c >&5
conftest.c: In function 'main':
conftest.c:85:21: error: expected expression before ')' token
   85 | if (sizeof ((size_t)))
      |                     ^
configure:6877: $? = 1
configure: failed program was:
| /* confdefs.h */
| #define PACKAGE_NAME "advancemame"
| #define PACKAGE_TARNAME "advancemame"
| #define PACKAGE_VERSION "3.9-50-g384e6462"
| #define PACKAGE_STRING "advancemame 3.9-50-g384e6462"
| #define PACKAGE_BUGREPORT ""
| #define PACKAGE_URL "http://www.advancemame.it"
| #define STDC_HEADERS 1
| #define HAVE_SYS_TYPES_H 1
| #define HAVE_SYS_STAT_H 1
| #define HAVE_STDLIB_H 1
| #define HAVE_STRING_H 1
| #define HAVE_MEMORY_H 1
| #define HAVE_STRINGS_H 1
| #define HAVE_INTTYPES_H 1
| #define HAVE_STDINT_H 1
| #define HAVE_UNISTD_H 1
| #define SIZEOF_CHAR 1
| #define SIZEOF_SHORT 2
| #define SIZEOF_INT 4
| #define SIZEOF_LONG 4
| #define SIZEOF_LONG_LONG 8
| #define SIZEOF_VOIDP 4
| #define _FILE_OFFSET_BITS 64
| #define STDC_HEADERS 1
| #define HAVE_SYS_WAIT_H 1
| #define HAVE_DIRENT_H 1
| #define TIME_WITH_SYS_TIME 1
| #define GWINSZ_IN_SYS_IOCTL 1
| #define HAVE_UNISTD_H 1
| #define HAVE_SCHED_H 1
| #define HAVE_NETDB_H 1
| #define HAVE_TERMIOS_H 1
| #define HAVE_EXECINFO_H 1
| #define HAVE_SYS_UTSNAME_H 1
| #define HAVE_SYS_TYPES_H 1
| #define HAVE_SYS_STAT_H 1
| #define HAVE_SYS_SOCKET_H 1
| #define HAVE_SYS_SELECT_H 1
| #define HAVE_SYS_IOCTL_H 1
| #define HAVE_SYS_TIME_H 1
| #define HAVE_SYS_MMAN_H 1
| #define HAVE_SYS_KD_H 1
| #define HAVE_SYS_VT_H 1
| #define HAVE_NETINET_IN_H 1
| #define HAVE_UCONTEXT_H 1
| #define restrict __restrict
| /* end confdefs.h.  */
| #include <stdio.h>
| #ifdef HAVE_SYS_TYPES_H
| # include <sys/types.h>
| #endif
| #ifdef HAVE_SYS_STAT_H
| # include <sys/stat.h>
| #endif
| #ifdef STDC_HEADERS
| # include <stdlib.h>
| # include <stddef.h>
| #else
| # ifdef HAVE_STDLIB_H
| #  include <stdlib.h>
| # endif
| #endif
| #ifdef HAVE_STRING_H
| # if !defined STDC_HEADERS && defined HAVE_MEMORY_H
| #  include <memory.h>
| # endif
| # include <string.h>
| #endif
| #ifdef HAVE_STRINGS_H
| # include <strings.h>
| #endif
| #ifdef HAVE_INTTYPES_H
| # include <inttypes.h>
| #endif
| #ifdef HAVE_STDINT_H
| # include <stdint.h>
| #endif
| #ifdef HAVE_UNISTD_H
| # include <unistd.h>
| #endif
| int
| main ()
| {
| if (sizeof ((size_t)))
| 	    return 0;
|   ;
|   return 0;
| }
configure:6877: result: yes
configure:6890: checking for working alloca.h
configure:6907: gcc -o conftest -w -mtune=cortex-a72 -mcpu=cortex-a72 -mfloat-abi=hard -mfpu=neon-fp-armv8 -O3  -lwiringPi conftest.c  >&5
configure:6907: $? = 0
configure:6915: result: yes
configure:6923: checking for alloca
configure:6960: gcc -o conftest -w -mtune=cortex-a72 -mcpu=cortex-a72 -mfloat-abi=hard -mfpu=neon-fp-armv8 -O3  -lwiringPi conftest.c  >&5
configure:6960: $? = 0
configure:6968: result: yes
configure:7080: checking for stdlib.h
configure:7080: result: yes
configure:7080: checking for unistd.h
configure:7080: result: yes
configure:7080: checking for sys/param.h
configure:7080: gcc -c -w -mtune=cortex-a72 -mcpu=cortex-a72 -mfloat-abi=hard -mfpu=neon-fp-armv8 -O3  conftest.c >&5
configure:7080: $? = 0
configure:7080: result: yes
configure:7100: checking for getpagesize
configure:7100: gcc -o conftest -w -mtune=cortex-a72 -mcpu=cortex-a72 -mfloat-abi=hard -mfpu=neon-fp-armv8 -O3  -lwiringPi conftest.c  >&5
configure:7100: $? = 0
configure:7100: result: yes
configure:7109: checking for working mmap
configure:7258: gcc -o conftest -w -mtune=cortex-a72 -mcpu=cortex-a72 -mfloat-abi=hard -mfpu=neon-fp-armv8 -O3  -lwiringPi conftest.c  >&5
configure:7258: $? = 0
configure:7258: ./conftest
configure:7258: $? = 0
configure:7268: result: yes
configure:7280: checking for sys/select.h
configure:7280: result: yes
configure:7280: checking for sys/socket.h
configure:7280: result: yes
configure:7290: checking types of arguments for select
configure:7318: gcc -c -w -mtune=cortex-a72 -mcpu=cortex-a72 -mfloat-abi=hard -mfpu=neon-fp-armv8 -O3  conftest.c >&5
configure:7318: $? = 0
configure:7329: result: int,fd_set *,struct timeval *
configure:7354: checking for vprintf
configure:7354: gcc -o conftest -w -mtune=cortex-a72 -mcpu=cortex-a72 -mfloat-abi=hard -mfpu=neon-fp-armv8 -O3  -lwiringPi conftest.c  >&5
configure:7354: $? = 0
configure:7354: result: yes
configure:7360: checking for _doprnt
configure:7360: gcc -o conftest -w -mtune=cortex-a72 -mcpu=cortex-a72 -mfloat-abi=hard -mfpu=neon-fp-armv8 -O3  -lwiringPi conftest.c  >&5
/usr/bin/ld: /tmp/ccmCSxlZ.o: in function `main':
conftest.c:(.text.startup+0x8): undefined reference to `_doprnt'
collect2: error: ld returned 1 exit status
configure:7360: $? = 1
configure: failed program was:
| /* confdefs.h */
| #define PACKAGE_NAME "advancemame"
| #define PACKAGE_TARNAME "advancemame"
| #define PACKAGE_VERSION "3.9-50-g384e6462"
| #define PACKAGE_STRING "advancemame 3.9-50-g384e6462"
| #define PACKAGE_BUGREPORT ""
| #define PACKAGE_URL "http://www.advancemame.it"
| #define STDC_HEADERS 1
| #define HAVE_SYS_TYPES_H 1
| #define HAVE_SYS_STAT_H 1
| #define HAVE_STDLIB_H 1
| #define HAVE_STRING_H 1
| #define HAVE_MEMORY_H 1
| #define HAVE_STRINGS_H 1
| #define HAVE_INTTYPES_H 1
| #define HAVE_STDINT_H 1
| #define HAVE_UNISTD_H 1
| #define SIZEOF_CHAR 1
| #define SIZEOF_SHORT 2
| #define SIZEOF_INT 4
| #define SIZEOF_LONG 4
| #define SIZEOF_LONG_LONG 8
| #define SIZEOF_VOIDP 4
| #define _FILE_OFFSET_BITS 64
| #define STDC_HEADERS 1
| #define HAVE_SYS_WAIT_H 1
| #define HAVE_DIRENT_H 1
| #define TIME_WITH_SYS_TIME 1
| #define GWINSZ_IN_SYS_IOCTL 1
| #define HAVE_UNISTD_H 1
| #define HAVE_SCHED_H 1
| #define HAVE_NETDB_H 1
| #define HAVE_TERMIOS_H 1
| #define HAVE_EXECINFO_H 1
| #define HAVE_SYS_UTSNAME_H 1
| #define HAVE_SYS_TYPES_H 1
| #define HAVE_SYS_STAT_H 1
| #define HAVE_SYS_SOCKET_H 1
| #define HAVE_SYS_SELECT_H 1
| #define HAVE_SYS_IOCTL_H 1
| #define HAVE_SYS_TIME_H 1
| #define HAVE_SYS_MMAN_H 1
| #define HAVE_SYS_KD_H 1
| #define HAVE_SYS_VT_H 1
| #define HAVE_NETINET_IN_H 1
| #define HAVE_UCONTEXT_H 1
| #define restrict __restrict
| #define HAVE_ALLOCA_H 1
| #define HAVE_ALLOCA 1
| #define HAVE_STDLIB_H 1
| #define HAVE_UNISTD_H 1
| #define HAVE_SYS_PARAM_H 1
| #define HAVE_GETPAGESIZE 1
| #define HAVE_MMAP 1
| #define HAVE_SYS_SELECT_H 1
| #define HAVE_SYS_SOCKET_H 1
| #define SELECT_TYPE_ARG1 int
| #define SELECT_TYPE_ARG234 (fd_set *)
| #define SELECT_TYPE_ARG5 (struct timeval *)
| #define HAVE_VPRINTF 1
| /* end confdefs.h.  */
| /* Define _doprnt to an innocuous variant, in case <limits.h> declares _doprnt.
|    For example, HP-UX 11i <limits.h> declares gettimeofday.  */
| #define _doprnt innocuous__doprnt
| 
| /* System header to define __stub macros and hopefully few prototypes,
|     which can conflict with char _doprnt (); below.
|     Prefer <limits.h> to <assert.h> if __STDC__ is defined, since
|     <limits.h> exists even on freestanding compilers.  */
| 
| #ifdef __STDC__
| # include <limits.h>
| #else
| # include <assert.h>
| #endif
| 
| #undef _doprnt
| 
| /* Override any GCC internal prototype to avoid an error.
|    Use char because int might match the return type of a GCC
|    builtin and then its argument prototype would still apply.  */
| #ifdef __cplusplus
| extern "C"
| #endif
| char _doprnt ();
| /* The GNU C library defines this for functions which it implements
|     to always fail with ENOSYS.  Some functions are actually named
|     something starting with __ and the normal name is an alias.  */
| #if defined __stub__doprnt || defined __stub____doprnt
| choke me
| #endif
| 
| int
| main ()
| {
| return _doprnt ();
|   ;
|   return 0;
| }
configure:7360: result: no
configure:7374: checking for strcasecmp
configure:7374: gcc -o conftest -w -mtune=cortex-a72 -mcpu=cortex-a72 -mfloat-abi=hard -mfpu=neon-fp-armv8 -O3  -lwiringPi conftest.c  >&5
configure:7374: $? = 0
configure:7374: result: yes
configure:7374: checking for strerror
configure:7374: gcc -o conftest -w -mtune=cortex-a72 -mcpu=cortex-a72 -mfloat-abi=hard -mfpu=neon-fp-armv8 -O3  -lwiringPi conftest.c  >&5
configure:7374: $? = 0
configure:7374: result: yes
configure:7374: checking for utimes
configure:7374: gcc -o conftest -w -mtune=cortex-a72 -mcpu=cortex-a72 -mfloat-abi=hard -mfpu=neon-fp-armv8 -O3  -lwiringPi conftest.c  >&5
configure:7374: $? = 0
configure:7374: result: yes
configure:7386: checking for uname
configure:7386: gcc -o conftest -w -mtune=cortex-a72 -mcpu=cortex-a72 -mfloat-abi=hard -mfpu=neon-fp-armv8 -O3  -lwiringPi conftest.c  >&5
configure:7386: $? = 0
configure:7386: result: yes
configure:7386: checking for sysconf
configure:7386: gcc -o conftest -w -mtune=cortex-a72 -mcpu=cortex-a72 -mfloat-abi=hard -mfpu=neon-fp-armv8 -O3  -lwiringPi conftest.c  >&5
configure:7386: $? = 0
configure:7386: result: yes
configure:7386: checking for backtrace
configure:7386: gcc -o conftest -w -mtune=cortex-a72 -mcpu=cortex-a72 -mfloat-abi=hard -mfpu=neon-fp-armv8 -O3  -lwiringPi conftest.c  >&5
configure:7386: $? = 0
configure:7386: result: yes
configure:7386: checking for backtrace_symbols
configure:7386: gcc -o conftest -w -mtune=cortex-a72 -mcpu=cortex-a72 -mfloat-abi=hard -mfpu=neon-fp-armv8 -O3  -lwiringPi conftest.c  >&5
configure:7386: $? = 0
configure:7386: result: yes
configure:7398: checking for flockfile
configure:7398: gcc -o conftest -w -mtune=cortex-a72 -mcpu=cortex-a72 -mfloat-abi=hard -mfpu=neon-fp-armv8 -O3  -lwiringPi conftest.c  >&5
configure:7398: $? = 0
configure:7398: result: yes
configure:7398: checking for funlockfile
configure:7398: gcc -o conftest -w -mtune=cortex-a72 -mcpu=cortex-a72 -mfloat-abi=hard -mfpu=neon-fp-armv8 -O3  -lwiringPi conftest.c  >&5
configure:7398: $? = 0
configure:7398: result: yes
configure:7398: checking for fread_unlocked
configure:7398: gcc -o conftest -w -mtune=cortex-a72 -mcpu=cortex-a72 -mfloat-abi=hard -mfpu=neon-fp-armv8 -O3  -lwiringPi conftest.c  >&5
configure:7398: $? = 0
configure:7398: result: yes
configure:7398: checking for fwrite_unlocked
configure:7398: gcc -o conftest -w -mtune=cortex-a72 -mcpu=cortex-a72 -mfloat-abi=hard -mfpu=neon-fp-armv8 -O3  -lwiringPi conftest.c  >&5
configure:7398: $? = 0
configure:7398: result: yes
configure:7398: checking for fgetc_unlocked
configure:7398: gcc -o conftest -w -mtune=cortex-a72 -mcpu=cortex-a72 -mfloat-abi=hard -mfpu=neon-fp-armv8 -O3  -lwiringPi conftest.c  >&5
configure:7398: $? = 0
configure:7398: result: yes
configure:7398: checking for feof_unlocked
configure:7398: gcc -o conftest -w -mtune=cortex-a72 -mcpu=cortex-a72 -mfloat-abi=hard -mfpu=neon-fp-armv8 -O3  -lwiringPi conftest.c  >&5
configure:7398: $? = 0
configure:7398: result: yes
configure:7398: checking for fseeko
configure:7398: gcc -o conftest -w -mtune=cortex-a72 -mcpu=cortex-a72 -mfloat-abi=hard -mfpu=neon-fp-armv8 -O3  -lwiringPi conftest.c  >&5
configure:7398: $? = 0
configure:7398: result: yes
configure:7398: checking for ftello
configure:7398: gcc -o conftest -w -mtune=cortex-a72 -mcpu=cortex-a72 -mfloat-abi=hard -mfpu=neon-fp-armv8 -O3  -lwiringPi conftest.c  >&5
configure:7398: $? = 0
configure:7398: result: yes
configure:7410: checking for fsync
configure:7410: gcc -o conftest -w -mtune=cortex-a72 -mcpu=cortex-a72 -mfloat-abi=hard -mfpu=neon-fp-armv8 -O3  -lwiringPi conftest.c  >&5
configure:7410: $? = 0
configure:7410: result: yes
configure:7410: checking for renameat
configure:7410: gcc -o conftest -w -mtune=cortex-a72 -mcpu=cortex-a72 -mfloat-abi=hard -mfpu=neon-fp-armv8 -O3  -lwiringPi conftest.c  >&5
configure:7410: $? = 0
configure:7410: result: yes
configure:7410: checking for openat
configure:7410: gcc -o conftest -w -mtune=cortex-a72 -mcpu=cortex-a72 -mfloat-abi=hard -mfpu=neon-fp-armv8 -O3  -lwiringPi conftest.c  >&5
configure:7410: $? = 0
configure:7410: result: yes
configure:7410: checking for fdopen
configure:7410: gcc -o conftest -w -mtune=cortex-a72 -mcpu=cortex-a72 -mfloat-abi=hard -mfpu=neon-fp-armv8 -O3  -lwiringPi conftest.c  >&5
configure:7410: $? = 0
configure:7410: result: yes
configure:7422: checking for iopl
configure:7422: gcc -o conftest -w -mtune=cortex-a72 -mcpu=cortex-a72 -mfloat-abi=hard -mfpu=neon-fp-armv8 -O3  -lwiringPi conftest.c  >&5
/usr/bin/ld: /tmp/ccVGJHEA.o: in function `main':
conftest.c:(.text.startup+0x8): undefined reference to `iopl'
collect2: error: ld returned 1 exit status
configure:7422: $? = 1
configure: failed program was:
| /* confdefs.h */
| #define PACKAGE_NAME "advancemame"
| #define PACKAGE_TARNAME "advancemame"
| #define PACKAGE_VERSION "3.9-50-g384e6462"
| #define PACKAGE_STRING "advancemame 3.9-50-g384e6462"
| #define PACKAGE_BUGREPORT ""
| #define PACKAGE_URL "http://www.advancemame.it"
| #define STDC_HEADERS 1
| #define HAVE_SYS_TYPES_H 1
| #define HAVE_SYS_STAT_H 1
| #define HAVE_STDLIB_H 1
| #define HAVE_STRING_H 1
| #define HAVE_MEMORY_H 1
| #define HAVE_STRINGS_H 1
| #define HAVE_INTTYPES_H 1
| #define HAVE_STDINT_H 1
| #define HAVE_UNISTD_H 1
| #define SIZEOF_CHAR 1
| #define SIZEOF_SHORT 2
| #define SIZEOF_INT 4
| #define SIZEOF_LONG 4
| #define SIZEOF_LONG_LONG 8
| #define SIZEOF_VOIDP 4
| #define _FILE_OFFSET_BITS 64
| #define STDC_HEADERS 1
| #define HAVE_SYS_WAIT_H 1
| #define HAVE_DIRENT_H 1
| #define TIME_WITH_SYS_TIME 1
| #define GWINSZ_IN_SYS_IOCTL 1
| #define HAVE_UNISTD_H 1
| #define HAVE_SCHED_H 1
| #define HAVE_NETDB_H 1
| #define HAVE_TERMIOS_H 1
| #define HAVE_EXECINFO_H 1
| #define HAVE_SYS_UTSNAME_H 1
| #define HAVE_SYS_TYPES_H 1
| #define HAVE_SYS_STAT_H 1
| #define HAVE_SYS_SOCKET_H 1
| #define HAVE_SYS_SELECT_H 1
| #define HAVE_SYS_IOCTL_H 1
| #define HAVE_SYS_TIME_H 1
| #define HAVE_SYS_MMAN_H 1
| #define HAVE_SYS_KD_H 1
| #define HAVE_SYS_VT_H 1
| #define HAVE_NETINET_IN_H 1
| #define HAVE_UCONTEXT_H 1
| #define restrict __restrict
| #define HAVE_ALLOCA_H 1
| #define HAVE_ALLOCA 1
| #define HAVE_STDLIB_H 1
| #define HAVE_UNISTD_H 1
| #define HAVE_SYS_PARAM_H 1
| #define HAVE_GETPAGESIZE 1
| #define HAVE_MMAP 1
| #define HAVE_SYS_SELECT_H 1
| #define HAVE_SYS_SOCKET_H 1
| #define SELECT_TYPE_ARG1 int
| #define SELECT_TYPE_ARG234 (fd_set *)
| #define SELECT_TYPE_ARG5 (struct timeval *)
| #define HAVE_VPRINTF 1
| #define HAVE_STRCASECMP 1
| #define HAVE_STRERROR 1
| #define HAVE_UTIMES 1
| #define HAVE_UNAME 1
| #define HAVE_SYSCONF 1
| #define HAVE_BACKTRACE 1
| #define HAVE_BACKTRACE_SYMBOLS 1
| #define HAVE_FLOCKFILE 1
| #define HAVE_FUNLOCKFILE 1
| #define HAVE_FREAD_UNLOCKED 1
| #define HAVE_FWRITE_UNLOCKED 1
| #define HAVE_FGETC_UNLOCKED 1
| #define HAVE_FEOF_UNLOCKED 1
| #define HAVE_FSEEKO 1
| #define HAVE_FTELLO 1
| #define HAVE_FSYNC 1
| #define HAVE_RENAMEAT 1
| #define HAVE_OPENAT 1
| #define HAVE_FDOPEN 1
| /* end confdefs.h.  */
| /* Define iopl to an innocuous variant, in case <limits.h> declares iopl.
|    For example, HP-UX 11i <limits.h> declares gettimeofday.  */
| #define iopl innocuous_iopl
| 
| /* System header to define __stub macros and hopefully few prototypes,
|     which can conflict with char iopl (); below.
|     Prefer <limits.h> to <assert.h> if __STDC__ is defined, since
|     <limits.h> exists even on freestanding compilers.  */
| 
| #ifdef __STDC__
| # include <limits.h>
| #else
| # include <assert.h>
| #endif
| 
| #undef iopl
| 
| /* Override any GCC internal prototype to avoid an error.
|    Use char because int might match the return type of a GCC
|    builtin and then its argument prototype would still apply.  */
| #ifdef __cplusplus
| extern "C"
| #endif
| char iopl ();
| /* The GNU C library defines this for functions which it implements
|     to always fail with ENOSYS.  Some functions are actually named
|     something starting with __ and the normal name is an alias.  */
| #if defined __stub_iopl || defined __stub___iopl
| choke me
| #endif
| 
| int
| main ()
| {
| return iopl ();
|   ;
|   return 0;
| }
configure:7422: result: no
configure:7422: checking for mprotect
configure:7422: gcc -o conftest -w -mtune=cortex-a72 -mcpu=cortex-a72 -mfloat-abi=hard -mfpu=neon-fp-armv8 -O3  -lwiringPi conftest.c  >&5
configure:7422: $? = 0
configure:7422: result: yes
configure:7422: checking for sched_getscheduler
configure:7422: gcc -o conftest -w -mtune=cortex-a72 -mcpu=cortex-a72 -mfloat-abi=hard -mfpu=neon-fp-armv8 -O3  -lwiringPi conftest.c  >&5
configure:7422: $? = 0
configure:7422: result: yes
configure:7422: checking for sched_setscheduler
configure:7422: gcc -o conftest -w -mtune=cortex-a72 -mcpu=cortex-a72 -mfloat-abi=hard -mfpu=neon-fp-armv8 -O3  -lwiringPi conftest.c  >&5
configure:7422: $? = 0
configure:7422: result: yes
configure:7422: checking for sched_get_priority_max
configure:7422: gcc -o conftest -w -mtune=cortex-a72 -mcpu=cortex-a72 -mfloat-abi=hard -mfpu=neon-fp-armv8 -O3  -lwiringPi conftest.c  >&5
configure:7422: $? = 0
configure:7422: result: yes
configure:7422: checking for sched_yield
configure:7422: gcc -o conftest -w -mtune=cortex-a72 -mcpu=cortex-a72 -mfloat-abi=hard -mfpu=neon-fp-armv8 -O3  -lwiringPi conftest.c  >&5
configure:7422: $? = 0
configure:7422: result: yes
configure:7431: checking for port in/out
configure:7448: gcc -o conftest -w -mtune=cortex-a72 -mcpu=cortex-a72 -mfloat-abi=hard -mfpu=neon-fp-armv8 -O3  -lwiringPi conftest.c  >&5
conftest.c:87:13: fatal error: sys/io.h: No such file or directory
   87 |    #include <sys/io.h>
      |             ^~~~~~~~~~
compilation terminated.
configure:7448: $? = 1
configure: failed program was:
| /* confdefs.h */
| #define PACKAGE_NAME "advancemame"
| #define PACKAGE_TARNAME "advancemame"
| #define PACKAGE_VERSION "3.9-50-g384e6462"
| #define PACKAGE_STRING "advancemame 3.9-50-g384e6462"
| #define PACKAGE_BUGREPORT ""
| #define PACKAGE_URL "http://www.advancemame.it"
| #define STDC_HEADERS 1
| #define HAVE_SYS_TYPES_H 1
| #define HAVE_SYS_STAT_H 1
| #define HAVE_STDLIB_H 1
| #define HAVE_STRING_H 1
| #define HAVE_MEMORY_H 1
| #define HAVE_STRINGS_H 1
| #define HAVE_INTTYPES_H 1
| #define HAVE_STDINT_H 1
| #define HAVE_UNISTD_H 1
| #define SIZEOF_CHAR 1
| #define SIZEOF_SHORT 2
| #define SIZEOF_INT 4
| #define SIZEOF_LONG 4
| #define SIZEOF_LONG_LONG 8
| #define SIZEOF_VOIDP 4
| #define _FILE_OFFSET_BITS 64
| #define STDC_HEADERS 1
| #define HAVE_SYS_WAIT_H 1
| #define HAVE_DIRENT_H 1
| #define TIME_WITH_SYS_TIME 1
| #define GWINSZ_IN_SYS_IOCTL 1
| #define HAVE_UNISTD_H 1
| #define HAVE_SCHED_H 1
| #define HAVE_NETDB_H 1
| #define HAVE_TERMIOS_H 1
| #define HAVE_EXECINFO_H 1
| #define HAVE_SYS_UTSNAME_H 1
| #define HAVE_SYS_TYPES_H 1
| #define HAVE_SYS_STAT_H 1
| #define HAVE_SYS_SOCKET_H 1
| #define HAVE_SYS_SELECT_H 1
| #define HAVE_SYS_IOCTL_H 1
| #define HAVE_SYS_TIME_H 1
| #define HAVE_SYS_MMAN_H 1
| #define HAVE_SYS_KD_H 1
| #define HAVE_SYS_VT_H 1
| #define HAVE_NETINET_IN_H 1
| #define HAVE_UCONTEXT_H 1
| #define restrict __restrict
| #define HAVE_ALLOCA_H 1
| #define HAVE_ALLOCA 1
| #define HAVE_STDLIB_H 1
| #define HAVE_UNISTD_H 1
| #define HAVE_SYS_PARAM_H 1
| #define HAVE_GETPAGESIZE 1
| #define HAVE_MMAP 1
| #define HAVE_SYS_SELECT_H 1
| #define HAVE_SYS_SOCKET_H 1
| #define SELECT_TYPE_ARG1 int
| #define SELECT_TYPE_ARG234 (fd_set *)
| #define SELECT_TYPE_ARG5 (struct timeval *)
| #define HAVE_VPRINTF 1
| #define HAVE_STRCASECMP 1
| #define HAVE_STRERROR 1
| #define HAVE_UTIMES 1
| #define HAVE_UNAME 1
| #define HAVE_SYSCONF 1
| #define HAVE_BACKTRACE 1
| #define HAVE_BACKTRACE_SYMBOLS 1
| #define HAVE_FLOCKFILE 1
| #define HAVE_FUNLOCKFILE 1
| #define HAVE_FREAD_UNLOCKED 1
| #define HAVE_FWRITE_UNLOCKED 1
| #define HAVE_FGETC_UNLOCKED 1
| #define HAVE_FEOF_UNLOCKED 1
| #define HAVE_FSEEKO 1
| #define HAVE_FTELLO 1
| #define HAVE_FSYNC 1
| #define HAVE_RENAMEAT 1
| #define HAVE_OPENAT 1
| #define HAVE_FDOPEN 1
| #define HAVE_MPROTECT 1
| #define HAVE_SCHED_GETSCHEDULER 1
| #define HAVE_SCHED_SETSCHEDULER 1
| #define HAVE_SCHED_GET_PRIORITY_MAX 1
| #define HAVE_SCHED_YIELD 1
| /* end confdefs.h.  */
| 
| 			#include <sys/io.h>
| 
| int
| main ()
| {
| 
| 			outb(0x80, inb(0x80));
| 
|   ;
|   return 0;
| }
configure:7455: result: no
configure:7488: checking for cos in -lm
configure:7513: gcc -o conftest -w -mtune=cortex-a72 -mcpu=cortex-a72 -mfloat-abi=hard -mfpu=neon-fp-armv8 -O3  -lwiringPi conftest.c -lm   >&5
configure:7513: $? = 0
configure:7522: result: yes
configure:7529: checking for socket in -lsocket
configure:7554: gcc -o conftest -w -mtune=cortex-a72 -mcpu=cortex-a72 -mfloat-abi=hard -mfpu=neon-fp-armv8 -O3  -lwiringPi conftest.c -lsocket   >&5
/usr/bin/ld: cannot find -lsocket
collect2: error: ld returned 1 exit status
configure:7554: $? = 1
configure: failed program was:
| /* confdefs.h */
| #define PACKAGE_NAME "advancemame"
| #define PACKAGE_TARNAME "advancemame"
| #define PACKAGE_VERSION "3.9-50-g384e6462"
| #define PACKAGE_STRING "advancemame 3.9-50-g384e6462"
| #define PACKAGE_BUGREPORT ""
| #define PACKAGE_URL "http://www.advancemame.it"
| #define STDC_HEADERS 1
| #define HAVE_SYS_TYPES_H 1
| #define HAVE_SYS_STAT_H 1
| #define HAVE_STDLIB_H 1
| #define HAVE_STRING_H 1
| #define HAVE_MEMORY_H 1
| #define HAVE_STRINGS_H 1
| #define HAVE_INTTYPES_H 1
| #define HAVE_STDINT_H 1
| #define HAVE_UNISTD_H 1
| #define SIZEOF_CHAR 1
| #define SIZEOF_SHORT 2
| #define SIZEOF_INT 4
| #define SIZEOF_LONG 4
| #define SIZEOF_LONG_LONG 8
| #define SIZEOF_VOIDP 4
| #define _FILE_OFFSET_BITS 64
| #define STDC_HEADERS 1
| #define HAVE_SYS_WAIT_H 1
| #define HAVE_DIRENT_H 1
| #define TIME_WITH_SYS_TIME 1
| #define GWINSZ_IN_SYS_IOCTL 1
| #define HAVE_UNISTD_H 1
| #define HAVE_SCHED_H 1
| #define HAVE_NETDB_H 1
| #define HAVE_TERMIOS_H 1
| #define HAVE_EXECINFO_H 1
| #define HAVE_SYS_UTSNAME_H 1
| #define HAVE_SYS_TYPES_H 1
| #define HAVE_SYS_STAT_H 1
| #define HAVE_SYS_SOCKET_H 1
| #define HAVE_SYS_SELECT_H 1
| #define HAVE_SYS_IOCTL_H 1
| #define HAVE_SYS_TIME_H 1
| #define HAVE_SYS_MMAN_H 1
| #define HAVE_SYS_KD_H 1
| #define HAVE_SYS_VT_H 1
| #define HAVE_NETINET_IN_H 1
| #define HAVE_UCONTEXT_H 1
| #define restrict __restrict
| #define HAVE_ALLOCA_H 1
| #define HAVE_ALLOCA 1
| #define HAVE_STDLIB_H 1
| #define HAVE_UNISTD_H 1
| #define HAVE_SYS_PARAM_H 1
| #define HAVE_GETPAGESIZE 1
| #define HAVE_MMAP 1
| #define HAVE_SYS_SELECT_H 1
| #define HAVE_SYS_SOCKET_H 1
| #define SELECT_TYPE_ARG1 int
| #define SELECT_TYPE_ARG234 (fd_set *)
| #define SELECT_TYPE_ARG5 (struct timeval *)
| #define HAVE_VPRINTF 1
| #define HAVE_STRCASECMP 1
| #define HAVE_STRERROR 1
| #define HAVE_UTIMES 1
| #define HAVE_UNAME 1
| #define HAVE_SYSCONF 1
| #define HAVE_BACKTRACE 1
| #define HAVE_BACKTRACE_SYMBOLS 1
| #define HAVE_FLOCKFILE 1
| #define HAVE_FUNLOCKFILE 1
| #define HAVE_FREAD_UNLOCKED 1
| #define HAVE_FWRITE_UNLOCKED 1
| #define HAVE_FGETC_UNLOCKED 1
| #define HAVE_FEOF_UNLOCKED 1
| #define HAVE_FSEEKO 1
| #define HAVE_FTELLO 1
| #define HAVE_FSYNC 1
| #define HAVE_RENAMEAT 1
| #define HAVE_OPENAT 1
| #define HAVE_FDOPEN 1
| #define HAVE_MPROTECT 1
| #define HAVE_SCHED_GETSCHEDULER 1
| #define HAVE_SCHED_SETSCHEDULER 1
| #define HAVE_SCHED_GET_PRIORITY_MAX 1
| #define HAVE_SCHED_YIELD 1
| /* end confdefs.h.  */
| 
| /* Override any GCC internal prototype to avoid an error.
|    Use char because int might match the return type of a GCC
|    builtin and then its argument prototype would still apply.  */
| #ifdef __cplusplus
| extern "C"
| #endif
| char socket ();
| int
| main ()
| {
| return socket ();
|   ;
|   return 0;
| }
configure:7563: result: no
configure:7569: checking for socket in -lnetwork
configure:7594: gcc -o conftest -w -mtune=cortex-a72 -mcpu=cortex-a72 -mfloat-abi=hard -mfpu=neon-fp-armv8 -O3  -lwiringPi conftest.c -lnetwork   >&5
/usr/bin/ld: cannot find -lnetwork
collect2: error: ld returned 1 exit status
configure:7594: $? = 1
configure: failed program was:
| /* confdefs.h */
| #define PACKAGE_NAME "advancemame"
| #define PACKAGE_TARNAME "advancemame"
| #define PACKAGE_VERSION "3.9-50-g384e6462"
| #define PACKAGE_STRING "advancemame 3.9-50-g384e6462"
| #define PACKAGE_BUGREPORT ""
| #define PACKAGE_URL "http://www.advancemame.it"
| #define STDC_HEADERS 1
| #define HAVE_SYS_TYPES_H 1
| #define HAVE_SYS_STAT_H 1
| #define HAVE_STDLIB_H 1
| #define HAVE_STRING_H 1
| #define HAVE_MEMORY_H 1
| #define HAVE_STRINGS_H 1
| #define HAVE_INTTYPES_H 1
| #define HAVE_STDINT_H 1
| #define HAVE_UNISTD_H 1
| #define SIZEOF_CHAR 1
| #define SIZEOF_SHORT 2
| #define SIZEOF_INT 4
| #define SIZEOF_LONG 4
| #define SIZEOF_LONG_LONG 8
| #define SIZEOF_VOIDP 4
| #define _FILE_OFFSET_BITS 64
| #define STDC_HEADERS 1
| #define HAVE_SYS_WAIT_H 1
| #define HAVE_DIRENT_H 1
| #define TIME_WITH_SYS_TIME 1
| #define GWINSZ_IN_SYS_IOCTL 1
| #define HAVE_UNISTD_H 1
| #define HAVE_SCHED_H 1
| #define HAVE_NETDB_H 1
| #define HAVE_TERMIOS_H 1
| #define HAVE_EXECINFO_H 1
| #define HAVE_SYS_UTSNAME_H 1
| #define HAVE_SYS_TYPES_H 1
| #define HAVE_SYS_STAT_H 1
| #define HAVE_SYS_SOCKET_H 1
| #define HAVE_SYS_SELECT_H 1
| #define HAVE_SYS_IOCTL_H 1
| #define HAVE_SYS_TIME_H 1
| #define HAVE_SYS_MMAN_H 1
| #define HAVE_SYS_KD_H 1
| #define HAVE_SYS_VT_H 1
| #define HAVE_NETINET_IN_H 1
| #define HAVE_UCONTEXT_H 1
| #define restrict __restrict
| #define HAVE_ALLOCA_H 1
| #define HAVE_ALLOCA 1
| #define HAVE_STDLIB_H 1
| #define HAVE_UNISTD_H 1
| #define HAVE_SYS_PARAM_H 1
| #define HAVE_GETPAGESIZE 1
| #define HAVE_MMAP 1
| #define HAVE_SYS_SELECT_H 1
| #define HAVE_SYS_SOCKET_H 1
| #define SELECT_TYPE_ARG1 int
| #define SELECT_TYPE_ARG234 (fd_set *)
| #define SELECT_TYPE_ARG5 (struct timeval *)
| #define HAVE_VPRINTF 1
| #define HAVE_STRCASECMP 1
| #define HAVE_STRERROR 1
| #define HAVE_UTIMES 1
| #define HAVE_UNAME 1
| #define HAVE_SYSCONF 1
| #define HAVE_BACKTRACE 1
| #define HAVE_BACKTRACE_SYMBOLS 1
| #define HAVE_FLOCKFILE 1
| #define HAVE_FUNLOCKFILE 1
| #define HAVE_FREAD_UNLOCKED 1
| #define HAVE_FWRITE_UNLOCKED 1
| #define HAVE_FGETC_UNLOCKED 1
| #define HAVE_FEOF_UNLOCKED 1
| #define HAVE_FSEEKO 1
| #define HAVE_FTELLO 1
| #define HAVE_FSYNC 1
| #define HAVE_RENAMEAT 1
| #define HAVE_OPENAT 1
| #define HAVE_FDOPEN 1
| #define HAVE_MPROTECT 1
| #define HAVE_SCHED_GETSCHEDULER 1
| #define HAVE_SCHED_SETSCHEDULER 1
| #define HAVE_SCHED_GET_PRIORITY_MAX 1
| #define HAVE_SCHED_YIELD 1
| /* end confdefs.h.  */
| 
| /* Override any GCC internal prototype to avoid an error.
|    Use char because int might match the return type of a GCC
|    builtin and then its argument prototype would still apply.  */
| #ifdef __cplusplus
| extern "C"
| #endif
| char socket ();
| int
| main ()
| {
| return socket ();
|   ;
|   return 0;
| }
configure:7603: result: no
configure:7622: checking for adler32 in -lz
configure:7647: gcc -o conftest -w -mtune=cortex-a72 -mcpu=cortex-a72 -mfloat-abi=hard -mfpu=neon-fp-armv8 -O3  -lwiringPi conftest.c -lz   >&5
configure:7647: $? = 0
configure:7656: result: yes
configure:7683: checking for XML_ParserCreate in -lexpat
configure:7708: gcc -o conftest -w -mtune=cortex-a72 -mcpu=cortex-a72 -mfloat-abi=hard -mfpu=neon-fp-armv8 -O3  -lwiringPi conftest.c -lexpat   >&5
/usr/bin/ld: cannot find -lexpat
collect2: error: ld returned 1 exit status
configure:7708: $? = 1
configure: failed program was:
| /* confdefs.h */
| #define PACKAGE_NAME "advancemame"
| #define PACKAGE_TARNAME "advancemame"
| #define PACKAGE_VERSION "3.9-50-g384e6462"
| #define PACKAGE_STRING "advancemame 3.9-50-g384e6462"
| #define PACKAGE_BUGREPORT ""
| #define PACKAGE_URL "http://www.advancemame.it"
| #define STDC_HEADERS 1
| #define HAVE_SYS_TYPES_H 1
| #define HAVE_SYS_STAT_H 1
| #define HAVE_STDLIB_H 1
| #define HAVE_STRING_H 1
| #define HAVE_MEMORY_H 1
| #define HAVE_STRINGS_H 1
| #define HAVE_INTTYPES_H 1
| #define HAVE_STDINT_H 1
| #define HAVE_UNISTD_H 1
| #define SIZEOF_CHAR 1
| #define SIZEOF_SHORT 2
| #define SIZEOF_INT 4
| #define SIZEOF_LONG 4
| #define SIZEOF_LONG_LONG 8
| #define SIZEOF_VOIDP 4
| #define _FILE_OFFSET_BITS 64
| #define STDC_HEADERS 1
| #define HAVE_SYS_WAIT_H 1
| #define HAVE_DIRENT_H 1
| #define TIME_WITH_SYS_TIME 1
| #define GWINSZ_IN_SYS_IOCTL 1
| #define HAVE_UNISTD_H 1
| #define HAVE_SCHED_H 1
| #define HAVE_NETDB_H 1
| #define HAVE_TERMIOS_H 1
| #define HAVE_EXECINFO_H 1
| #define HAVE_SYS_UTSNAME_H 1
| #define HAVE_SYS_TYPES_H 1
| #define HAVE_SYS_STAT_H 1
| #define HAVE_SYS_SOCKET_H 1
| #define HAVE_SYS_SELECT_H 1
| #define HAVE_SYS_IOCTL_H 1
| #define HAVE_SYS_TIME_H 1
| #define HAVE_SYS_MMAN_H 1
| #define HAVE_SYS_KD_H 1
| #define HAVE_SYS_VT_H 1
| #define HAVE_NETINET_IN_H 1
| #define HAVE_UCONTEXT_H 1
| #define restrict __restrict
| #define HAVE_ALLOCA_H 1
| #define HAVE_ALLOCA 1
| #define HAVE_STDLIB_H 1
| #define HAVE_UNISTD_H 1
| #define HAVE_SYS_PARAM_H 1
| #define HAVE_GETPAGESIZE 1
| #define HAVE_MMAP 1
| #define HAVE_SYS_SELECT_H 1
| #define HAVE_SYS_SOCKET_H 1
| #define SELECT_TYPE_ARG1 int
| #define SELECT_TYPE_ARG234 (fd_set *)
| #define SELECT_TYPE_ARG5 (struct timeval *)
| #define HAVE_VPRINTF 1
| #define HAVE_STRCASECMP 1
| #define HAVE_STRERROR 1
| #define HAVE_UTIMES 1
| #define HAVE_UNAME 1
| #define HAVE_SYSCONF 1
| #define HAVE_BACKTRACE 1
| #define HAVE_BACKTRACE_SYMBOLS 1
| #define HAVE_FLOCKFILE 1
| #define HAVE_FUNLOCKFILE 1
| #define HAVE_FREAD_UNLOCKED 1
| #define HAVE_FWRITE_UNLOCKED 1
| #define HAVE_FGETC_UNLOCKED 1
| #define HAVE_FEOF_UNLOCKED 1
| #define HAVE_FSEEKO 1
| #define HAVE_FTELLO 1
| #define HAVE_FSYNC 1
| #define HAVE_RENAMEAT 1
| #define HAVE_OPENAT 1
| #define HAVE_FDOPEN 1
| #define HAVE_MPROTECT 1
| #define HAVE_SCHED_GETSCHEDULER 1
| #define HAVE_SCHED_SETSCHEDULER 1
| #define HAVE_SCHED_GET_PRIORITY_MAX 1
| #define HAVE_SCHED_YIELD 1
| /* end confdefs.h.  */
| 
| /* Override any GCC internal prototype to avoid an error.
|    Use char because int might match the return type of a GCC
|    builtin and then its argument prototype would still apply.  */
| #ifdef __cplusplus
| extern "C"
| #endif
| char XML_ParserCreate ();
| int
| main ()
| {
| return XML_ParserCreate ();
|   ;
|   return 0;
| }
configure:7717: result: no
configure:7914: checking for FrameBuffer
configure:7931: gcc -c -w -mtune=cortex-a72 -mcpu=cortex-a72 -mfloat-abi=hard -mfpu=neon-fp-armv8 -O3  conftest.c >&5
configure:7931: $? = 0
configure:7937: result: yes
configure:8040: checking for VideoCore
configure:8057: gcc -o conftest -I/opt/vc/include -w -mtune=cortex-a72 -mcpu=cortex-a72 -mfloat-abi=hard -mfpu=neon-fp-armv8 -O3  -lwiringPi conftest.c -L/opt/vc/lib -lbcm_host -lvcos -lvchiq_arm  >&5
configure:8057: $? = 0
configure:8064: result: yes
configure:8087: checking for snd_pcm_open in -lasound
configure:8112: gcc -o conftest -w -mtune=cortex-a72 -mcpu=cortex-a72 -mfloat-abi=hard -mfpu=neon-fp-armv8 -O3  -lwiringPi conftest.c -lasound   >&5
configure:8112: $? = 0
configure:8121: result: yes
configure:8131: checking for ALSA
configure:8150: gcc -c -w -mtune=cortex-a72 -mcpu=cortex-a72 -mfloat-abi=hard -mfpu=neon-fp-armv8 -O3  conftest.c >&5
configure:8150: $? = 0
configure:8156: result: yes
configure:8252: checking for OSS
configure:8269: gcc -c -w -mtune=cortex-a72 -mcpu=cortex-a72 -mfloat-abi=hard -mfpu=neon-fp-armv8 -O3  conftest.c >&5
configure:8269: $? = 0
configure:8275: result: yes
configure:8320: checking for pthread_create in -lpthread
configure:8346: gcc -o conftest -w -mtune=cortex-a72 -mcpu=cortex-a72 -mfloat-abi=hard -mfpu=neon-fp-armv8 -O3  -lwiringPi conftest.c -lpthread
	  >&5
configure:8346: $? = 0
configure:8355: result: yes
configure:8430: checking for slang
configure:8437: $PKG_CONFIG --exists --print-errors "slang"
configure:8440: $? = 0
configure:8454: $PKG_CONFIG --exists --print-errors "slang"
configure:8457: $? = 0
configure:8495: result: yes
configure:8504: checking for linking slang
configure:8527: gcc -o conftest SLANG_CFLAGS -w -mtune=cortex-a72 -mcpu=cortex-a72 -mfloat-abi=hard -mfpu=neon-fp-armv8 -O3  -lwiringPi conftest.c -lslang  >&5
gcc: error: SLANG_CFLAGS: No such file or directory
configure:8527: $? = 1
configure: failed program was:
| /* confdefs.h */
| #define PACKAGE_NAME "advancemame"
| #define PACKAGE_TARNAME "advancemame"
| #define PACKAGE_VERSION "3.9-50-g384e6462"
| #define PACKAGE_STRING "advancemame 3.9-50-g384e6462"
| #define PACKAGE_BUGREPORT ""
| #define PACKAGE_URL "http://www.advancemame.it"
| #define STDC_HEADERS 1
| #define HAVE_SYS_TYPES_H 1
| #define HAVE_SYS_STAT_H 1
| #define HAVE_STDLIB_H 1
| #define HAVE_STRING_H 1
| #define HAVE_MEMORY_H 1
| #define HAVE_STRINGS_H 1
| #define HAVE_INTTYPES_H 1
| #define HAVE_STDINT_H 1
| #define HAVE_UNISTD_H 1
| #define SIZEOF_CHAR 1
| #define SIZEOF_SHORT 2
| #define SIZEOF_INT 4
| #define SIZEOF_LONG 4
| #define SIZEOF_LONG_LONG 8
| #define SIZEOF_VOIDP 4
| #define _FILE_OFFSET_BITS 64
| #define STDC_HEADERS 1
| #define HAVE_SYS_WAIT_H 1
| #define HAVE_DIRENT_H 1
| #define TIME_WITH_SYS_TIME 1
| #define GWINSZ_IN_SYS_IOCTL 1
| #define HAVE_UNISTD_H 1
| #define HAVE_SCHED_H 1
| #define HAVE_NETDB_H 1
| #define HAVE_TERMIOS_H 1
| #define HAVE_EXECINFO_H 1
| #define HAVE_SYS_UTSNAME_H 1
| #define HAVE_SYS_TYPES_H 1
| #define HAVE_SYS_STAT_H 1
| #define HAVE_SYS_SOCKET_H 1
| #define HAVE_SYS_SELECT_H 1
| #define HAVE_SYS_IOCTL_H 1
| #define HAVE_SYS_TIME_H 1
| #define HAVE_SYS_MMAN_H 1
| #define HAVE_SYS_KD_H 1
| #define HAVE_SYS_VT_H 1
| #define HAVE_NETINET_IN_H 1
| #define HAVE_UCONTEXT_H 1
| #define restrict __restrict
| #define HAVE_ALLOCA_H 1
| #define HAVE_ALLOCA 1
| #define HAVE_STDLIB_H 1
| #define HAVE_UNISTD_H 1
| #define HAVE_SYS_PARAM_H 1
| #define HAVE_GETPAGESIZE 1
| #define HAVE_MMAP 1
| #define HAVE_SYS_SELECT_H 1
| #define HAVE_SYS_SOCKET_H 1
| #define SELECT_TYPE_ARG1 int
| #define SELECT_TYPE_ARG234 (fd_set *)
| #define SELECT_TYPE_ARG5 (struct timeval *)
| #define HAVE_VPRINTF 1
| #define HAVE_STRCASECMP 1
| #define HAVE_STRERROR 1
| #define HAVE_UTIMES 1
| #define HAVE_UNAME 1
| #define HAVE_SYSCONF 1
| #define HAVE_BACKTRACE 1
| #define HAVE_BACKTRACE_SYMBOLS 1
| #define HAVE_FLOCKFILE 1
| #define HAVE_FUNLOCKFILE 1
| #define HAVE_FREAD_UNLOCKED 1
| #define HAVE_FWRITE_UNLOCKED 1
| #define HAVE_FGETC_UNLOCKED 1
| #define HAVE_FEOF_UNLOCKED 1
| #define HAVE_FSEEKO 1
| #define HAVE_FTELLO 1
| #define HAVE_FSYNC 1
| #define HAVE_RENAMEAT 1
| #define HAVE_OPENAT 1
| #define HAVE_FDOPEN 1
| #define HAVE_MPROTECT 1
| #define HAVE_SCHED_GETSCHEDULER 1
| #define HAVE_SCHED_SETSCHEDULER 1
| #define HAVE_SCHED_GET_PRIORITY_MAX 1
| #define HAVE_SCHED_YIELD 1
| /* end confdefs.h.  */
| 
| 				#include <slang.h>
| 
| int
| main ()
| {
| 
| 				if (SLang_init_tty(-1, 0, 0) < 0) {
| 					perror("SLang_init_tty");
| 					return 1;
| 				}
| 
| 				SLang_reset_tty();
| 				return 0;
| 
|   ;
|   return 0;
| }
configure:8534: result: no
configure:8850: checking for freetype2
configure:8857: $PKG_CONFIG --exists --print-errors "freetype2"
configure:8860: $? = 0
configure:8874: $PKG_CONFIG --exists --print-errors "freetype2"
configure:8877: $? = 0
configure:8915: result: yes
configure:8924: checking for linking freetype2
configure:8946: gcc -o conftest -I/usr/include/freetype2 -I/usr/include/libpng16 -w -mtune=cortex-a72 -mcpu=cortex-a72 -mfloat-abi=hard -mfpu=neon-fp-armv8 -O3  -lwiringPi conftest.c -lfreetype  >&5
configure:8946: $? = 0
configure:8953: result: yes
configure:9615: checking for raw keyboard interface
configure:9637: gcc -c -w -mtune=cortex-a72 -mcpu=cortex-a72 -mfloat-abi=hard -mfpu=neon-fp-armv8 -O3  conftest.c >&5
configure:9637: $? = 0
configure:9643: result: yes
configure:9693: checking for raw joystick interface
configure:9712: gcc -c -w -mtune=cortex-a72 -mcpu=cortex-a72 -mfloat-abi=hard -mfpu=neon-fp-armv8 -O3  conftest.c >&5
configure:9712: $? = 0
configure:9718: result: yes
configure:9764: checking for raw mouse interface
configure:9781: gcc -c -w -mtune=cortex-a72 -mcpu=cortex-a72 -mfloat-abi=hard -mfpu=neon-fp-armv8 -O3  conftest.c >&5
configure:9781: $? = 0
configure:9787: result: yes
configure:9831: checking for event mouse interface
configure:9848: gcc -c -w -mtune=cortex-a72 -mcpu=cortex-a72 -mfloat-abi=hard -mfpu=neon-fp-armv8 -O3  conftest.c >&5
configure:9848: $? = 0
configure:9854: result: yes
configure:9898: checking for event keyboard interface
configure:9915: gcc -c -w -mtune=cortex-a72 -mcpu=cortex-a72 -mfloat-abi=hard -mfpu=neon-fp-armv8 -O3  conftest.c >&5
configure:9915: $? = 0
configure:9921: result: yes
configure:9966: checking for event joystick interface
configure:9983: gcc -c -w -mtune=cortex-a72 -mcpu=cortex-a72 -mfloat-abi=hard -mfpu=neon-fp-armv8 -O3  conftest.c >&5
configure:9983: $? = 0
configure:9989: result: yes
configure:10139: creating ./config.status

## ---------------------- ##
## Running config.status. ##
## ---------------------- ##

This file was extended by advancemame config.status 3.9-50-g384e6462, which was
generated by GNU Autoconf 2.69.  Invocation command line was

  CONFIG_FILES    = 
  CONFIG_HEADERS  = 
  CONFIG_LINKS    = 
  CONFIG_COMMANDS = 
  $ ./config.status 

on cpspi.megadriver.com.br

config.status:955: creating Makefile
config.status:955: creating advance/lib/config.h
config.status:1130: advance/lib/config.h is unchanged
configure:11347: WARNING: the SDL library was not found. You will not able to use this program in a window manager environment! If you have the SDL library installed somewhere try using the --with-sdl-prefix or --with-sdl2-prefix options.
configure:11355: WARNING: no text video mode library found. The advv/advcfg utilities will not work!

## ---------------- ##
## Cache variables. ##
## ---------------- ##

ac_cv_build=armv7l-unknown-linux-gnueabihf
ac_cv_c_bigendian=no
ac_cv_c_compiler_gnu=yes
ac_cv_c_const=yes
ac_cv_c_inline=inline
ac_cv_c_restrict=__restrict
ac_cv_cxx_compiler_gnu=yes
ac_cv_env_CCC_set=
ac_cv_env_CCC_value=
ac_cv_env_CC_set=
ac_cv_env_CC_value=
ac_cv_env_CFLAGS_set=set
ac_cv_env_CFLAGS_value='-w -mtune=cortex-a72 -mcpu=cortex-a72 -mfloat-abi=hard -mfpu=neon-fp-armv8 -O3'
ac_cv_env_CPPFLAGS_set=
ac_cv_env_CPPFLAGS_value=
ac_cv_env_CPP_set=
ac_cv_env_CPP_value=
ac_cv_env_CXXFLAGS_set=
ac_cv_env_CXXFLAGS_value=
ac_cv_env_CXX_set=
ac_cv_env_CXX_value=
ac_cv_env_FREETYPE_CFLAGS_set=
ac_cv_env_FREETYPE_CFLAGS_value=
ac_cv_env_FREETYPE_LIBS_set=
ac_cv_env_FREETYPE_LIBS_value=
ac_cv_env_LDFLAGS_set=set
ac_cv_env_LDFLAGS_value=-lwiringPi
ac_cv_env_LIBS_set=
ac_cv_env_LIBS_value=
ac_cv_env_NCURSES_CFLAGS_set=
ac_cv_env_NCURSES_CFLAGS_value=
ac_cv_env_NCURSES_LIBS_set=
ac_cv_env_NCURSES_LIBS_value=
ac_cv_env_PKG_CONFIG_LIBDIR_set=
ac_cv_env_PKG_CONFIG_LIBDIR_value=
ac_cv_env_PKG_CONFIG_PATH_set=
ac_cv_env_PKG_CONFIG_PATH_value=
ac_cv_env_PKG_CONFIG_set=
ac_cv_env_PKG_CONFIG_value=
ac_cv_env_SDL_CFLAGS_set=
ac_cv_env_SDL_CFLAGS_value=
ac_cv_env_SDL_LIBS_set=
ac_cv_env_SDL_LIBS_value=
ac_cv_env_SLANG_CFLAGS_set=
ac_cv_env_SLANG_CFLAGS_value=
ac_cv_env_SLANG_LIBS_set=
ac_cv_env_SLANG_LIBS_value=
ac_cv_env_build_alias_set=
ac_cv_env_build_alias_value=
ac_cv_env_host_alias_set=
ac_cv_env_host_alias_value=
ac_cv_env_target_alias_set=
ac_cv_env_target_alias_value=
ac_cv_func__doprnt=no
ac_cv_func_alloca_works=yes
ac_cv_func_backtrace=yes
ac_cv_func_backtrace_symbols=yes
ac_cv_func_fdopen=yes
ac_cv_func_feof_unlocked=yes
ac_cv_func_fgetc_unlocked=yes
ac_cv_func_flockfile=yes
ac_cv_func_fread_unlocked=yes
ac_cv_func_fseeko=yes
ac_cv_func_fsync=yes
ac_cv_func_ftello=yes
ac_cv_func_funlockfile=yes
ac_cv_func_fwrite_unlocked=yes
ac_cv_func_getpagesize=yes
ac_cv_func_iopl=no
ac_cv_func_mmap_fixed_mapped=yes
ac_cv_func_mprotect=yes
ac_cv_func_openat=yes
ac_cv_func_renameat=yes
ac_cv_func_sched_get_priority_max=yes
ac_cv_func_sched_getscheduler=yes
ac_cv_func_sched_setscheduler=yes
ac_cv_func_sched_yield=yes
ac_cv_func_select_args='int,fd_set *,struct timeval *'
ac_cv_func_strcasecmp=yes
ac_cv_func_strerror=yes
ac_cv_func_sysconf=yes
ac_cv_func_uname=yes
ac_cv_func_utimes=yes
ac_cv_func_vprintf=yes
ac_cv_header_dirent_dirent_h=yes
ac_cv_header_execinfo_h=yes
ac_cv_header_inttypes_h=yes
ac_cv_header_memory_h=yes
ac_cv_header_netdb_h=yes
ac_cv_header_netinet_in_h=yes
ac_cv_header_sched_h=yes
ac_cv_header_stdc=yes
ac_cv_header_stdint_h=yes
ac_cv_header_stdlib_h=yes
ac_cv_header_string_h=yes
ac_cv_header_strings_h=yes
ac_cv_header_sys_io_h=no
ac_cv_header_sys_ioctl_h=yes
ac_cv_header_sys_kd_h=yes
ac_cv_header_sys_mman_h=yes
ac_cv_header_sys_param_h=yes
ac_cv_header_sys_select_h=yes
ac_cv_header_sys_socket_h=yes
ac_cv_header_sys_stat_h=yes
ac_cv_header_sys_time_h=yes
ac_cv_header_sys_types_h=yes
ac_cv_header_sys_utsname_h=yes
ac_cv_header_sys_vt_h=yes
ac_cv_header_sys_wait_h=yes
ac_cv_header_termios_h=yes
ac_cv_header_time=yes
ac_cv_header_ucontext_h=yes
ac_cv_header_unistd_h=yes
ac_cv_host=armv7l-unknown-linux-gnueabihf
ac_cv_lib_asound_snd_pcm_open=yes
ac_cv_lib_expat_XML_ParserCreate=no
ac_cv_lib_m_cos=yes
ac_cv_lib_network_socket=no
ac_cv_lib_pthread_pthread_create=yes
ac_cv_lib_socket_socket=no
ac_cv_lib_z_adler32=yes
ac_cv_objext=o
ac_cv_path_EGREP='/usr/bin/grep -E'
ac_cv_path_GREP=/usr/bin/grep
ac_cv_path_ac_pt_PKG_CONFIG=/usr/bin/pkg-config
ac_cv_path_install='/usr/bin/install -c'
ac_cv_prog_CP=cp
ac_cv_prog_CPP='gcc -E'
ac_cv_prog_ECHO=echo
ac_cv_prog_GZIP=gzip
ac_cv_prog_MKDIR=mkdir
ac_cv_prog_RM=rm
ac_cv_prog_TAR=tar
ac_cv_prog_ZIP=zip
ac_cv_prog_ac_ct_AR=ar
ac_cv_prog_ac_ct_CC=gcc
ac_cv_prog_ac_ct_CXX=g++
ac_cv_prog_cc_c89=
ac_cv_prog_cc_g=yes
ac_cv_prog_cxx_g=yes
ac_cv_search_opendir='none required'
ac_cv_sizeof_char=1
ac_cv_sizeof_int=4
ac_cv_sizeof_long=4
ac_cv_sizeof_long_long=8
ac_cv_sizeof_short=2
ac_cv_sizeof_voidp=4
ac_cv_sys_file_offset_bits=64
ac_cv_sys_largefile_CC=no
ac_cv_sys_tiocgwinsz_in_sys_ioctl_h=yes
ac_cv_sys_tiocgwinsz_in_termios_h=no
ac_cv_type_size_t=yes
ac_cv_working_alloca_h=yes
pkg_cv_FREETYPE_CFLAGS='-I/usr/include/freetype2 -I/usr/include/libpng16'
pkg_cv_FREETYPE_LIBS=-lfreetype
pkg_cv_SLANG_CFLAGS=
pkg_cv_SLANG_LIBS=-lslang

## ----------------- ##
## Output variables. ##
## ----------------- ##

ALLOCA=''
AR='ar'
ASM=''
ASMFLAGS='-f elf'
CC='gcc'
CC_FOR_BUILD='gcc'
CFLAGS='-w -mtune=cortex-a72 -mcpu=cortex-a72 -mfloat-abi=hard -mfpu=neon-fp-armv8 -O3'
CFLAGS_FOR_BUILD='-O0 -DUSE_COMPILER_GNUC -DUSE_OBJ_ELF -DUSE_OS_UNIX'
CONF_BUILD='linux'
CONF_CFLAGS_ARCH=' -DUSE_LSB'
CONF_CFLAGS_OPT='-w -mtune=cortex-a72 -mcpu=cortex-a72 -mfloat-abi=hard -mfpu=neon-fp-armv8 -O3'
CONF_DEBUG='no'
CONF_DEBUGGER='no'
CONF_HOST='linux'
CONF_LDFLAGS='-lwiringPi'
CONF_LIBS=' -lm'
CONF_LIB_ALSA='yes'
CONF_LIB_DIRECT='yes'
CONF_LIB_EXPAT='no'
CONF_LIB_FB='yes'
CONF_LIB_FREETYPE='yes'
CONF_LIB_JEVENT='yes'
CONF_LIB_JRAW='yes'
CONF_LIB_KEVENT='yes'
CONF_LIB_KRAW='yes'
CONF_LIB_MCPN='no'
CONF_LIB_MEVENT='yes'
CONF_LIB_MRAW='yes'
CONF_LIB_MRAWINPUT='no'
CONF_LIB_NCURSES='no'
CONF_LIB_OSS='yes'
CONF_LIB_PTHREAD='yes'
CONF_LIB_SDL='no'
CONF_LIB_SLANG='no'
CONF_LIB_SVGALIB='no'
CONF_LIB_SVGAWIN='no'
CONF_LIB_VC='yes'
CONF_LIB_ZLIB='yes'
CONF_PERF='no'
CONF_SYSTEM='unix'
CONF_TINY='no'
CP='cp'
CPP='gcc -E'
CPPFLAGS=''
CXX='g++'
CXXFLAGS='-g -O2'
CXX_FOR_BUILD='g++'
DEFS='-DHAVE_CONFIG_H'
ECHO='echo'
ECHO_C=''
ECHO_N='-n'
ECHO_T=''
EGREP='/usr/bin/grep -E'
EXE=''
EXEEXT=''
EXE_FOR_BUILD=''
FREETYPECFLAGS='-I/usr/include/freetype2 -I/usr/include/libpng16'
FREETYPELIBS='-lfreetype'
FREETYPE_CFLAGS='-I/usr/include/freetype2 -I/usr/include/libpng16'
FREETYPE_LIBS='-lfreetype'
GREP='/usr/bin/grep'
GZIP='gzip'
INSTALL_DATA='${INSTALL} -m 644'
INSTALL_PROGRAM='${INSTALL}'
INSTALL_SCRIPT='${INSTALL}'
LDFLAGS='-lwiringPi'
LIBOBJS=''
LIBS=''
LN_S='ln -s'
LTLIBOBJS=''
MKDIR='mkdir'
NCURSESCFLAGS=''
NCURSESLIBS=''
NCURSES_CFLAGS=''
NCURSES_LIBS=''
OBJEXT='o'
PACKAGE_BUGREPORT=''
PACKAGE_NAME='advancemame'
PACKAGE_STRING='advancemame 3.9-50-g384e6462'
PACKAGE_TARNAME='advancemame'
PACKAGE_URL='http://www.advancemame.it'
PACKAGE_VERSION='3.9-50-g384e6462'
PATH_SEPARATOR=':'
PKG_CONFIG='/usr/bin/pkg-config'
PKG_CONFIG_LIBDIR=''
PKG_CONFIG_PATH=''
RC=''
RM='rm'
SDLCFLAGS=''
SDLLIBS=''
SDL_CFLAGS=''
SDL_LIBS=''
SHELL='/bin/bash'
SLANGCFLAGS=''
SLANGLIBS='-lslang'
SLANG_CFLAGS=''
SLANG_LIBS='-lslang'
TAR='tar'
VCCFLAGS='-I/opt/vc/include'
VCLIBS='-L/opt/vc/lib -lbcm_host -lvcos -lvchiq_arm'
ZIP='zip'
ac_ct_AR='ar'
ac_ct_CC='gcc'
ac_ct_CXX='g++'
ac_ct_RC=''
bindir='${exec_prefix}/bin'
build='armv7l-unknown-linux-gnueabihf'
build_alias=''
build_cpu='armv7l'
build_os='linux-gnueabihf'
build_vendor='unknown'
datadir='${datarootdir}'
datarootdir='${prefix}/share'
docdir='${prefix}/doc'
dvidir='${docdir}'
exec_prefix='${prefix}'
host='armv7l-unknown-linux-gnueabihf'
host_alias=''
host_cpu='armv7l'
host_os='linux-gnueabihf'
host_vendor='unknown'
htmldir='${docdir}'
includedir='${prefix}/include'
infodir='${datarootdir}/info'
libdir='${exec_prefix}/lib'
libexecdir='${exec_prefix}/libexec'
localedir='${datarootdir}/locale'
localstatedir='${prefix}/var'
mandir='${prefix}/man'
oldincludedir='/usr/include'
pdfdir='${docdir}'
prefix='/usr'
program_transform_name='s,x,x,'
psdir='${docdir}'
runstatedir='${localstatedir}/run'
sbindir='${exec_prefix}/sbin'
sharedstatedir='${prefix}/com'
sysconfdir='${prefix}/etc'
target_alias=''

## ----------- ##
## confdefs.h. ##
## ----------- ##

/* confdefs.h */
#define PACKAGE_NAME "advancemame"
#define PACKAGE_TARNAME "advancemame"
#define PACKAGE_VERSION "3.9-50-g384e6462"
#define PACKAGE_STRING "advancemame 3.9-50-g384e6462"
#define PACKAGE_BUGREPORT ""
#define PACKAGE_URL "http://www.advancemame.it"
#define STDC_HEADERS 1
#define HAVE_SYS_TYPES_H 1
#define HAVE_SYS_STAT_H 1
#define HAVE_STDLIB_H 1
#define HAVE_STRING_H 1
#define HAVE_MEMORY_H 1
#define HAVE_STRINGS_H 1
#define HAVE_INTTYPES_H 1
#define HAVE_STDINT_H 1
#define HAVE_UNISTD_H 1
#define SIZEOF_CHAR 1
#define SIZEOF_SHORT 2
#define SIZEOF_INT 4
#define SIZEOF_LONG 4
#define SIZEOF_LONG_LONG 8
#define SIZEOF_VOIDP 4
#define _FILE_OFFSET_BITS 64
#define STDC_HEADERS 1
#define HAVE_SYS_WAIT_H 1
#define HAVE_DIRENT_H 1
#define TIME_WITH_SYS_TIME 1
#define GWINSZ_IN_SYS_IOCTL 1
#define HAVE_UNISTD_H 1
#define HAVE_SCHED_H 1
#define HAVE_NETDB_H 1
#define HAVE_TERMIOS_H 1
#define HAVE_EXECINFO_H 1
#define HAVE_SYS_UTSNAME_H 1
#define HAVE_SYS_TYPES_H 1
#define HAVE_SYS_STAT_H 1
#define HAVE_SYS_SOCKET_H 1
#define HAVE_SYS_SELECT_H 1
#define HAVE_SYS_IOCTL_H 1
#define HAVE_SYS_TIME_H 1
#define HAVE_SYS_MMAN_H 1
#define HAVE_SYS_KD_H 1
#define HAVE_SYS_VT_H 1
#define HAVE_NETINET_IN_H 1
#define HAVE_UCONTEXT_H 1
#define restrict __restrict
#define HAVE_ALLOCA_H 1
#define HAVE_ALLOCA 1
#define HAVE_STDLIB_H 1
#define HAVE_UNISTD_H 1
#define HAVE_SYS_PARAM_H 1
#define HAVE_GETPAGESIZE 1
#define HAVE_MMAP 1
#define HAVE_SYS_SELECT_H 1
#define HAVE_SYS_SOCKET_H 1
#define SELECT_TYPE_ARG1 int
#define SELECT_TYPE_ARG234 (fd_set *)
#define SELECT_TYPE_ARG5 (struct timeval *)
#define HAVE_VPRINTF 1
#define HAVE_STRCASECMP 1
#define HAVE_STRERROR 1
#define HAVE_UTIMES 1
#define HAVE_UNAME 1
#define HAVE_SYSCONF 1
#define HAVE_BACKTRACE 1
#define HAVE_BACKTRACE_SYMBOLS 1
#define HAVE_FLOCKFILE 1
#define HAVE_FUNLOCKFILE 1
#define HAVE_FREAD_UNLOCKED 1
#define HAVE_FWRITE_UNLOCKED 1
#define HAVE_FGETC_UNLOCKED 1
#define HAVE_FEOF_UNLOCKED 1
#define HAVE_FSEEKO 1
#define HAVE_FTELLO 1
#define HAVE_FSYNC 1
#define HAVE_RENAMEAT 1
#define HAVE_OPENAT 1
#define HAVE_FDOPEN 1
#define HAVE_MPROTECT 1
#define HAVE_SCHED_GETSCHEDULER 1
#define HAVE_SCHED_SETSCHEDULER 1
#define HAVE_SCHED_GET_PRIORITY_MAX 1
#define HAVE_SCHED_YIELD 1

configure: exit 0
